2019-11-19 11:00:27,515 log_fun.py [line:44] FUDAMAI_LOG DEBUG 输出到文件
2019-11-19 11:00:27,515 log_fun.py [line:45] FUDAMAI_LOG INFO 输出到文件
2019-11-19 11:00:27,515 log_fun.py [line:46] FUDAMAI_LOG WARNING 输出到文件
2019-11-19 11:01:21,122 log_fun.py [line:44] FUDAMAI_LOG DEBUG 输出到文件
2019-11-19 11:01:21,122 log_fun.py [line:45] FUDAMAI_LOG INFO 输出到文件
2019-11-19 11:01:21,122 log_fun.py [line:46] FUDAMAI_LOG WARNING 输出到控制台
2019-11-19 13:19:35,341 log_fun.py [line:44] FUDAMAI_LOG DEBUG 输出到文件
2019-11-19 13:19:35,341 log_fun.py [line:45] FUDAMAI_LOG INFO 输出到文件
2019-11-19 13:19:35,341 log_fun.py [line:46] FUDAMAI_LOG WARNING 输出到控制台
2019-11-19 13:19:44,823 log_fun.py [line:44] FUDAMAI_LOG DEBUG 输出到文件
2019-11-19 13:19:44,823 log_fun.py [line:45] FUDAMAI_LOG INFO 输出到文件
2019-11-19 13:19:44,824 log_fun.py [line:46] FUDAMAI_LOG WARNING 输出到控制台
2019-11-19 13:23:14,184 main.py [line:34] main_logger INFO 用户登录，类型user
2019-11-19 13:25:25,976 main.py [line:34] main_logger INFO 用户登录，类型user
2019-11-19 13:25:25,976 main.py [line:34] main_logger INFO 用户登录，类型user
2019-11-19 13:27:36,281 main.py [line:34] main_logger INFO 用户登录，类型user
2019-11-19 13:27:39,760 main.py [line:34] main_logger INFO 用户登录，类型user
2019-11-19 13:27:39,760 main.py [line:34] main_logger INFO 用户登录，类型user
2019-11-19 13:27:46,296 main.py [line:34] main_logger INFO 用户登录，类型user
2019-11-19 13:27:46,296 main.py [line:34] main_logger INFO 用户登录，类型user
2019-11-19 13:27:46,296 main.py [line:34] main_logger INFO 用户登录，类型user
2019-11-19 13:30:01,897 main.py [line:34] main_logger INFO 用户登录，类型user
2019-11-19 13:30:11,528 main.py [line:34] main_logger INFO 用户登录，类型user
2019-11-19 13:30:11,528 main.py [line:34] main_logger INFO 用户登录，类型user
2019-11-19 13:37:35,490 main.py [line:34] main_logger INFO 用户登录，类型admin
2019-11-19 14:14:18,616 auth.py [line:75] auth_logger INFO 用户注册成功
2019-11-19 14:14:18,616 auth.py [line:75] auth_logger INFO 用户注册成功
2019-11-19 14:14:59,640 auth.py [line:84] auth_logger INFO 读取用户文件成功
2019-11-19 14:14:59,640 auth.py [line:84] auth_logger INFO 读取用户文件成功
2019-11-19 14:14:59,640 auth.py [line:39] auth_logger INFO 验证密码正确
2019-11-19 14:14:59,640 auth.py [line:39] auth_logger INFO 验证密码正确
2019-11-19 14:14:59,641 auth.py [line:59] auth_logger INFO 添加登录装饰并返回
2019-11-19 14:14:59,641 auth.py [line:59] auth_logger INFO 添加登录装饰并返回
2019-11-19 14:14:59,641 auth.py [line:59] auth_logger INFO 添加登录装饰并返回
2019-11-19 14:14:59,641 auth.py [line:59] auth_logger INFO 添加登录装饰并返回
2019-11-19 14:14:59,641 auth.py [line:59] auth_logger INFO 添加登录装饰并返回
2019-11-19 14:14:59,641 auth.py [line:59] auth_logger INFO 添加登录装饰并返回
2019-11-19 14:14:59,641 main.py [line:34] main_logger INFO 用户登录，类型user
2019-11-19 14:16:43,623 auth.py [line:84] auth_logger INFO 读取用户文件成功
2019-11-19 14:16:43,623 auth.py [line:84] auth_logger INFO 读取用户文件成功
2019-11-19 14:16:43,624 auth.py [line:39] auth_logger INFO 验证密码正确
2019-11-19 14:16:43,624 auth.py [line:39] auth_logger INFO 验证密码正确
2019-11-19 14:16:43,624 auth.py [line:59] auth_logger INFO 添加登录装饰并返回
2019-11-19 14:16:43,624 auth.py [line:59] auth_logger INFO 添加登录装饰并返回
2019-11-19 14:16:43,624 auth.py [line:59] auth_logger INFO 添加登录装饰并返回
2019-11-19 14:16:43,624 auth.py [line:59] auth_logger INFO 添加登录装饰并返回
2019-11-19 14:16:43,624 main.py [line:34] main_logger INFO 用户登录，类型admin
2019-11-19 14:18:00,623 auth.py [line:84] auth_logger INFO 读取用户文件成功
2019-11-19 14:18:00,623 auth.py [line:84] auth_logger INFO 读取用户文件成功
2019-11-19 14:18:00,623 auth.py [line:84] auth_logger INFO 读取用户文件成功
2019-11-19 14:18:14,367 main.py [line:69] main_logger CRITICAL 为用户添加功能是报错'Logger' object is not callable
2019-11-19 14:21:18,816 auth.py [line:84] auth_logger INFO 读取用户文件成功
2019-11-19 14:21:18,816 auth.py [line:84] auth_logger INFO 读取用户文件成功
2019-11-19 14:21:18,817 auth.py [line:39] auth_logger INFO 验证密码正确
2019-11-19 14:21:18,817 auth.py [line:39] auth_logger INFO 验证密码正确
2019-11-19 14:21:18,817 auth.py [line:59] auth_logger INFO 添加登录装饰并返回
2019-11-19 14:21:18,817 auth.py [line:59] auth_logger INFO 添加登录装饰并返回
2019-11-19 14:21:18,817 auth.py [line:59] auth_logger INFO 添加登录装饰并返回
2019-11-19 14:21:18,817 auth.py [line:59] auth_logger INFO 添加登录装饰并返回
2019-11-19 14:21:18,817 main.py [line:34] main_logger INFO 用户登录，类型admin
2019-11-19 14:31:57,528 auth.py [line:84] auth_logger INFO 读取用户文件成功
2019-11-19 14:31:57,528 auth.py [line:84] auth_logger INFO 读取用户文件成功
2019-11-19 14:31:57,528 auth.py [line:39] auth_logger INFO 验证密码正确
2019-11-19 14:31:57,528 auth.py [line:39] auth_logger INFO 验证密码正确
2019-11-19 14:31:57,528 auth.py [line:59] auth_logger INFO 添加登录装饰并返回
2019-11-19 14:31:57,528 auth.py [line:59] auth_logger INFO 添加登录装饰并返回
2019-11-19 14:31:57,528 auth.py [line:59] auth_logger INFO 添加登录装饰并返回
2019-11-19 14:31:57,528 auth.py [line:59] auth_logger INFO 添加登录装饰并返回
2019-11-19 14:31:57,528 main.py [line:34] main_logger INFO 用户登录，类型admin
2019-11-19 14:32:36,167 auth.py [line:84] auth_logger INFO 读取用户文件成功
2019-11-19 14:32:36,167 auth.py [line:84] auth_logger INFO 读取用户文件成功
2019-11-19 14:32:36,167 auth.py [line:84] auth_logger INFO 读取用户文件成功
2019-11-19 14:32:48,504 main.py [line:63] main_logger INFO 为man1添加word_util功能
2019-11-19 14:32:48,506 main.py [line:104] main_logger INFO 保存man1的json文件
2019-11-19 14:32:48,507 main.py [line:66] main_logger ERROR 管理员为用户添加功能：word_util
2019-11-19 14:33:27,791 auth.py [line:59] auth_logger INFO 添加登录装饰并返回
2019-11-19 14:33:27,791 auth.py [line:59] auth_logger INFO 添加登录装饰并返回
2019-11-19 14:33:27,791 auth.py [line:59] auth_logger INFO 添加登录装饰并返回
2019-11-19 14:33:27,791 main.py [line:34] main_logger INFO 用户登录，类型admin
2019-11-19 14:33:27,791 main.py [line:34] main_logger INFO 用户登录，类型admin
2019-11-19 14:33:42,543 auth.py [line:84] auth_logger INFO 读取用户文件成功
2019-11-19 14:33:42,543 auth.py [line:84] auth_logger INFO 读取用户文件成功
2019-11-19 14:33:42,543 auth.py [line:84] auth_logger INFO 读取用户文件成功
2019-11-19 14:33:42,543 auth.py [line:84] auth_logger INFO 读取用户文件成功
2019-11-19 14:33:55,688 main.py [line:63] main_logger INFO 为man1添加word_util功能
2019-11-19 14:33:55,688 main.py [line:63] main_logger INFO 为man1添加word_util功能
2019-11-19 14:33:55,688 main.py [line:104] main_logger INFO 保存man1的json文件
2019-11-19 14:33:55,688 main.py [line:104] main_logger INFO 保存man1的json文件
2019-11-19 14:33:55,689 main.py [line:66] main_logger ERROR 管理员为用户添加功能：word_util
2019-11-19 14:33:55,689 main.py [line:66] main_logger ERROR 管理员为用户添加功能：word_util
2019-11-19 14:38:23,751 auth.py [line:84] auth_logger INFO 读取用户文件成功
2019-11-19 14:38:23,751 auth.py [line:84] auth_logger INFO 读取用户文件成功
2019-11-19 14:38:23,752 auth.py [line:39] auth_logger INFO 验证密码正确
2019-11-19 14:38:23,752 auth.py [line:39] auth_logger INFO 验证密码正确
2019-11-19 14:38:23,752 auth.py [line:59] auth_logger INFO 添加登录装饰并返回
2019-11-19 14:38:23,752 auth.py [line:59] auth_logger INFO 添加登录装饰并返回
2019-11-19 14:38:23,752 auth.py [line:59] auth_logger INFO 添加登录装饰并返回
2019-11-19 14:38:23,752 auth.py [line:59] auth_logger INFO 添加登录装饰并返回
2019-11-19 14:38:23,752 main.py [line:34] main_logger INFO 用户登录，类型user
2019-11-19 14:40:47,536 auth.py [line:84] auth_logger INFO 读取用户文件成功
2019-11-19 14:40:47,536 auth.py [line:84] auth_logger INFO 读取用户文件成功
2019-11-19 14:40:47,537 auth.py [line:39] auth_logger INFO 验证密码正确
2019-11-19 14:40:47,537 auth.py [line:39] auth_logger INFO 验证密码正确
2019-11-19 14:40:47,537 auth.py [line:59] auth_logger INFO 添加登录装饰并返回
2019-11-19 14:40:47,537 auth.py [line:59] auth_logger INFO 添加登录装饰并返回
2019-11-19 14:40:47,537 auth.py [line:59] auth_logger INFO 添加登录装饰并返回
2019-11-19 14:40:47,537 auth.py [line:59] auth_logger INFO 添加登录装饰并返回
2019-11-19 14:40:47,537 main.py [line:34] main_logger INFO 用户登录，类型admin
2019-11-19 14:40:57,177 auth.py [line:84] auth_logger INFO 读取用户文件成功
2019-11-19 14:40:57,177 auth.py [line:84] auth_logger INFO 读取用户文件成功
2019-11-19 14:40:57,177 auth.py [line:84] auth_logger INFO 读取用户文件成功
2019-11-19 14:41:08,167 main.py [line:63] main_logger INFO 为man1添加word_util功能
2019-11-19 14:41:08,168 main.py [line:104] main_logger INFO 保存man1的json文件
2019-11-19 14:41:08,168 main.py [line:66] main_logger ERROR 管理员为用户添加功能：word_util
2019-11-19 14:41:22,912 auth.py [line:84] auth_logger INFO 读取用户文件成功
2019-11-19 14:41:22,912 auth.py [line:84] auth_logger INFO 读取用户文件成功
2019-11-19 14:41:22,912 auth.py [line:39] auth_logger INFO 验证密码正确
2019-11-19 14:41:22,912 auth.py [line:39] auth_logger INFO 验证密码正确
2019-11-19 14:41:22,913 auth.py [line:59] auth_logger INFO 添加登录装饰并返回
2019-11-19 14:41:22,913 auth.py [line:59] auth_logger INFO 添加登录装饰并返回
2019-11-19 14:41:22,913 auth.py [line:59] auth_logger INFO 添加登录装饰并返回
2019-11-19 14:41:22,913 auth.py [line:59] auth_logger INFO 添加登录装饰并返回
2019-11-19 14:41:22,913 main.py [line:34] main_logger INFO 用户登录，类型user
2019-11-19 14:41:33,055 main.py [line:48] main_logger INFO 用户输入无法执行指令
2019-11-19 14:50:31,232 auth.py [line:84] auth_logger INFO 读取用户文件成功
2019-11-19 14:50:31,232 auth.py [line:84] auth_logger INFO 读取用户文件成功
2019-11-19 14:50:31,232 auth.py [line:39] auth_logger INFO 验证密码正确
2019-11-19 14:50:31,232 auth.py [line:39] auth_logger INFO 验证密码正确
2019-11-19 14:50:31,233 auth.py [line:59] auth_logger INFO 添加登录装饰并返回
2019-11-19 14:50:31,233 auth.py [line:59] auth_logger INFO 添加登录装饰并返回
2019-11-19 14:50:31,233 auth.py [line:59] auth_logger INFO 添加登录装饰并返回
2019-11-19 14:50:31,233 auth.py [line:59] auth_logger INFO 添加登录装饰并返回
2019-11-19 14:50:31,233 main.py [line:34] main_logger INFO 用户登录，类型user
2019-11-19 14:50:34,262 main.py [line:109] main_logger INFO 进行写入Word文件操作
2019-11-19 14:51:09,685 word_util.py [line:46] word_logger INFO 添加头部标题
2019-11-19 14:51:32,604 word_util.py [line:40] word_logger INFO word文件已保存
2019-11-19 14:51:32,604 word_util.py [line:40] word_logger INFO word文件已保存
2019-11-19 14:55:27,048 auth.py [line:84] auth_logger INFO 读取用户文件成功
2019-11-19 14:55:27,048 auth.py [line:84] auth_logger INFO 读取用户文件成功
2019-11-19 14:55:27,048 auth.py [line:39] auth_logger INFO 验证密码正确
2019-11-19 14:55:27,048 auth.py [line:39] auth_logger INFO 验证密码正确
2019-11-19 14:55:27,049 auth.py [line:59] auth_logger INFO 添加登录装饰并返回
2019-11-19 14:55:27,049 auth.py [line:59] auth_logger INFO 添加登录装饰并返回
2019-11-19 14:55:27,049 auth.py [line:59] auth_logger INFO 添加登录装饰并返回
2019-11-19 14:55:27,049 auth.py [line:59] auth_logger INFO 添加登录装饰并返回
2019-11-19 14:55:27,049 main.py [line:34] main_logger INFO 用户登录，类型admin
2019-11-19 14:55:33,303 main.py [line:135] main_logger INFO 进行图片操作
2019-11-19 14:56:02,142 image_util.py [line:64] image_logger INFO 重命名
2019-11-19 14:56:02,166 image_util.py [line:113] image_logger INFO 使用默认翻转参数
2019-11-19 14:56:02,171 image_util.py [line:97] image_logger INFO 只旋转图像，不翻转
2019-11-19 14:56:02,171 main.py [line:158] image_logger INFO 调用rotate方法
2019-11-19 14:56:15,375 main.py [line:166] image_logger INFO 调用quit方法
