2019-11-02 19:06:22,344 ImageUtil.py [line:65] ImageSystem INFO 重命名
2019-11-02 19:26:23,889 ImageUtil.py [line:69] ImageSystem ERROR 文件后缀名不匹配
2019-11-02 19:28:04,993 ImageUtil.py [line:70] ImageSystem ERROR 文件后缀名不匹配
2019-11-02 19:32:11,387 ImageUtil.py [line:70] ImageSystem ERROR 'NoneType' object has no attribute 'group'文件后缀名不匹配
2019-11-02 19:32:11,387 ImageUtil.py [line:104] ImageSystem ERROR cannot unpack non-iterable NoneType object
2019-11-03 00:01:53,663 ImageUtil.py [line:177] ImageSystem INFO 整理指定文件夹中的图片名并保存至Excel
2019-11-03 00:03:28,896 ImageUtil.py [line:177] ImageSystem INFO 整理指定文件夹中的图片名并保存至Excel
2019-11-03 00:04:04,217 ImageUtil.py [line:177] ImageSystem INFO 整理指定文件夹中的图片名并保存至Excel
2019-11-03 00:05:12,985 ImageUtil.py [line:177] ImageSystem INFO 整理指定文件夹中的图片名并保存至Excel
2019-11-03 00:06:15,160 ImageUtil.py [line:177] ImageSystem INFO 整理指定文件夹中的图片名并保存至Excel
2019-11-03 00:11:22,094 ImageUtil.py [line:177] ImageSystem INFO 整理指定文件夹中的图片名并保存至Excel
2019-11-03 01:01:00,904 ImageUtil.py [line:66] ImageSystem INFO 重命名
2019-11-03 01:01:00,919 ImageUtil.py [line:105] ImageSystem WARNING angle参数错误
2019-11-03 01:01:00,919 ImageUtil.py [line:212] ImageSystem INFO 调用rotate方法
2019-11-03 01:02:57,360 ImageUtil.py [line:220] ImageSystem INFO 调用quit方法
2019-11-03 01:03:58,976 ImageUtil.py [line:66] ImageSystem INFO 重命名
2019-11-03 01:03:58,985 ImageUtil.py [line:105] ImageSystem WARNING angle参数错误
2019-11-03 01:03:58,990 ImageUtil.py [line:212] ImageSystem INFO 调用rotate方法
2019-11-03 01:04:47,295 ImageUtil.py [line:220] ImageSystem INFO 调用quit方法
2019-11-03 01:05:18,760 ImageUtil.py [line:66] ImageSystem INFO 重命名
2019-11-03 01:05:18,782 ImageUtil.py [line:127] ImageSystem WARNING 参数不正确
2019-11-03 01:05:18,791 ImageUtil.py [line:99] ImageSystem INFO 只旋转图像，不翻转
2019-11-03 01:05:18,792 ImageUtil.py [line:212] ImageSystem INFO 调用rotate方法
2019-11-03 01:06:37,336 ImageUtil.py [line:220] ImageSystem INFO 调用quit方法
2019-11-03 01:06:48,258 ImageUtil.py [line:66] ImageSystem INFO 重命名
2019-11-03 01:06:48,276 ImageUtil.py [line:127] ImageSystem WARNING 参数不正确
2019-11-03 01:06:48,283 ImageUtil.py [line:99] ImageSystem INFO 只旋转图像，不翻转
2019-11-03 01:06:48,283 ImageUtil.py [line:213] ImageSystem INFO 调用rotate方法
2019-11-03 01:07:31,856 ImageUtil.py [line:221] ImageSystem INFO 调用quit方法
2019-11-03 01:07:45,273 ImageUtil.py [line:66] ImageSystem INFO 重命名
2019-11-03 01:07:45,291 ImageUtil.py [line:127] ImageSystem WARNING 参数不正确
2019-11-03 01:07:45,297 ImageUtil.py [line:99] ImageSystem INFO 只旋转图像，不翻转
2019-11-03 01:07:45,298 ImageUtil.py [line:213] ImageSystem INFO 调用rotate方法
2019-11-03 01:08:45,408 ImageUtil.py [line:221] ImageSystem INFO 调用quit方法
2019-11-03 01:08:57,433 ImageUtil.py [line:66] ImageSystem INFO 重命名
2019-11-03 01:08:57,449 ImageUtil.py [line:127] ImageSystem WARNING 参数不正确
2019-11-03 01:08:57,456 ImageUtil.py [line:99] ImageSystem INFO 只旋转图像，不翻转
2019-11-03 01:08:57,457 ImageUtil.py [line:213] ImageSystem INFO 调用rotate方法
2019-11-03 01:10:08,369 ImageUtil.py [line:221] ImageSystem INFO 调用quit方法
2019-11-03 01:10:35,961 ImageUtil.py [line:66] ImageSystem INFO 重命名
2019-11-03 01:10:35,980 ImageUtil.py [line:127] ImageSystem WARNING 参数不正确
2019-11-03 01:10:35,988 ImageUtil.py [line:99] ImageSystem INFO 只旋转图像，不翻转
2019-11-03 01:10:35,988 ImageUtil.py [line:213] ImageSystem INFO 调用rotate方法
2019-11-03 01:12:41,249 ImageUtil.py [line:221] ImageSystem INFO 调用quit方法
2019-11-03 01:12:58,985 ImageUtil.py [line:66] ImageSystem INFO 重命名
2019-11-03 01:12:59,002 ImageUtil.py [line:127] ImageSystem WARNING 参数不正确
2019-11-03 01:12:59,009 ImageUtil.py [line:99] ImageSystem INFO 只旋转图像，不翻转
2019-11-03 01:12:59,010 ImageUtil.py [line:213] ImageSystem INFO 调用rotate方法
2019-11-03 01:13:44,465 ImageUtil.py [line:221] ImageSystem INFO 调用quit方法
2019-11-03 01:13:58,553 ImageUtil.py [line:66] ImageSystem INFO 重命名
2019-11-03 01:13:58,570 ImageUtil.py [line:115] ImageSystem INFO 使用默认翻转参数
2019-11-03 01:13:58,577 ImageUtil.py [line:99] ImageSystem INFO 只旋转图像，不翻转
2019-11-03 01:13:58,578 ImageUtil.py [line:213] ImageSystem INFO 调用rotate方法
2019-11-03 01:15:14,200 ImageUtil.py [line:221] ImageSystem INFO 调用quit方法
2019-11-03 01:15:47,738 ImageUtil.py [line:66] ImageSystem INFO 重命名
2019-11-03 01:15:47,756 ImageUtil.py [line:119] ImageSystem INFO 左右翻转
2019-11-03 01:15:47,759 ImageUtil.py [line:119] ImageSystem INFO 左右翻转
2019-11-03 01:15:47,765 ImageUtil.py [line:103] ImageSystem INFO 旋转图像，同时翻转
2019-11-03 01:15:47,766 ImageUtil.py [line:213] ImageSystem INFO 调用rotate方法
2019-11-03 01:17:13,539 ImageUtil.py [line:221] ImageSystem INFO 调用quit方法
2019-11-03 01:24:23,546 ImageUtil.py [line:226] ImageSystem WARNING 未指定功能代码
2019-11-03 01:24:38,114 ImageUtil.py [line:66] ImageSystem INFO 重命名
2019-11-03 01:24:49,997 ImageUtil.py [line:216] ImageSystem INFO 调用region方法
2019-11-03 01:25:30,698 ImageUtil.py [line:221] ImageSystem INFO 调用quit方法
2019-11-03 01:27:09,826 ImageUtil.py [line:66] ImageSystem INFO 重命名
2019-11-03 01:27:21,756 ImageUtil.py [line:142] ImageSystem INFO 裁剪图片并保存
2019-11-03 01:27:21,757 ImageUtil.py [line:217] ImageSystem INFO 调用region方法
2019-11-03 01:28:32,242 ImageUtil.py [line:222] ImageSystem INFO 调用quit方法
2019-11-04 23:28:30,507 ImageUtil.py [line:180] ImageSystem INFO 整理指定文件夹中的图片名并保存至Excel
2019-11-04 23:28:30,508 ImageUtil.py [line:222] ImageSystem INFO 调用name_to_excel方法
