DEB [20200111-00:23:47.732] thr=1   paramiko.transport: starting thread (client mode): 0xcd164c88
DEB [20200111-00:23:47.732] thr=1   paramiko.transport: Local version/idstring: SSH-2.0-paramiko_2.7.1
DEB [20200111-00:23:47.740] thr=1   paramiko.transport: Remote version/idstring: SSH-2.0-OpenSSH_7.4
INF [20200111-00:23:47.740] thr=1   paramiko.transport: Connected (version 2.0, client OpenSSH_7.4)
DEB [20200111-00:23:47.742] thr=1   paramiko.transport: kex algos:['curve25519-sha256', 'curve25519-sha256@libssh.org', 'ecdh-sha2-nistp256', 'ecdh-sha2-nistp384', 'ecdh-sha2-nistp521', 'diffie-hellman-group-exchange-sha256', 'diffie-hellman-group16-sha512', 'diffie-hellman-group18-sha512', 'diffie-hellman-group-exchange-sha1', 'diffie-hellman-group14-sha256', 'diffie-hellman-group14-sha1', 'diffie-hellman-group1-sha1'] server key:['ssh-rsa', 'rsa-sha2-512', 'rsa-sha2-256', 'ecdsa-sha2-nistp256', 'ssh-ed25519'] client encrypt:['chacha20-poly1305@openssh.com', 'aes128-ctr', 'aes192-ctr', 'aes256-ctr', 'aes128-gcm@openssh.com', 'aes256-gcm@openssh.com', 'aes128-cbc', 'aes192-cbc', 'aes256-cbc', 'blowfish-cbc', 'cast128-cbc', '3des-cbc'] server encrypt:['chacha20-poly1305@openssh.com', 'aes128-ctr', 'aes192-ctr', 'aes256-ctr', 'aes128-gcm@openssh.com', 'aes256-gcm@openssh.com', 'aes128-cbc', 'aes192-cbc', 'aes256-cbc', 'blowfish-cbc', 'cast128-cbc', '3des-cbc'] client mac:['umac-64-etm@openssh.com', 'umac-128-etm@openssh.com', 'hmac-sha2-256-etm@openssh.com', 'hmac-sha2-512-etm@openssh.com', 'hmac-sha1-etm@openssh.com', 'umac-64@openssh.com', 'umac-128@openssh.com', 'hmac-sha2-256', 'hmac-sha2-512', 'hmac-sha1'] server mac:['umac-64-etm@openssh.com', 'umac-128-etm@openssh.com', 'hmac-sha2-256-etm@openssh.com', 'hmac-sha2-512-etm@openssh.com', 'hmac-sha1-etm@openssh.com', 'umac-64@openssh.com', 'umac-128@openssh.com', 'hmac-sha2-256', 'hmac-sha2-512', 'hmac-sha1'] client compress:['none', 'zlib@openssh.com'] server compress:['none', 'zlib@openssh.com'] client lang:[''] server lang:[''] kex follows?False
DEB [20200111-00:23:47.743] thr=1   paramiko.transport: Kex agreed: curve25519-sha256@libssh.org
DEB [20200111-00:23:47.743] thr=1   paramiko.transport: HostKey agreed: ssh-ed25519
DEB [20200111-00:23:47.743] thr=1   paramiko.transport: Cipher agreed: aes128-ctr
DEB [20200111-00:23:47.743] thr=1   paramiko.transport: MAC agreed: hmac-sha2-256
DEB [20200111-00:23:47.743] thr=1   paramiko.transport: Compression agreed: none
DEB [20200111-00:23:47.748] thr=1   paramiko.transport: kex engine KexCurve25519 specified hash_algo <built-in function openssl_sha256>
DEB [20200111-00:23:47.749] thr=1   paramiko.transport: Switch to new keys ...
DEB [20200111-00:23:47.757] thr=2   paramiko.transport: Trying discovered key b'961ead912722cea604b5435b1182c62c' in C:\Users\Administrator/.ssh/id_rsa
DEB [20200111-00:23:47.789] thr=1   paramiko.transport: userauth is OK
INF [20200111-00:23:47.800] thr=1   paramiko.transport: Authentication (publickey) successful!
DEB [20200111-00:23:47.919] thr=1   paramiko.transport: Received global request "hostkeys-00@openssh.com"
DEB [20200111-00:23:47.919] thr=1   paramiko.transport: Rejecting "hostkeys-00@openssh.com" global request from server.
DEB [20200111-00:23:52.459] thr=1   paramiko.transport: EOF in transport thread
DEB [20200111-00:46:24.783] thr=1   paramiko.transport: starting thread (client mode): 0xb2a74cc8
DEB [20200111-00:46:24.783] thr=1   paramiko.transport: Local version/idstring: SSH-2.0-paramiko_2.7.1
DEB [20200111-00:46:24.792] thr=1   paramiko.transport: Remote version/idstring: SSH-2.0-OpenSSH_7.4
INF [20200111-00:46:24.792] thr=1   paramiko.transport: Connected (version 2.0, client OpenSSH_7.4)
DEB [20200111-00:46:24.793] thr=1   paramiko.transport: kex algos:['curve25519-sha256', 'curve25519-sha256@libssh.org', 'ecdh-sha2-nistp256', 'ecdh-sha2-nistp384', 'ecdh-sha2-nistp521', 'diffie-hellman-group-exchange-sha256', 'diffie-hellman-group16-sha512', 'diffie-hellman-group18-sha512', 'diffie-hellman-group-exchange-sha1', 'diffie-hellman-group14-sha256', 'diffie-hellman-group14-sha1', 'diffie-hellman-group1-sha1'] server key:['ssh-rsa', 'rsa-sha2-512', 'rsa-sha2-256', 'ecdsa-sha2-nistp256', 'ssh-ed25519'] client encrypt:['chacha20-poly1305@openssh.com', 'aes128-ctr', 'aes192-ctr', 'aes256-ctr', 'aes128-gcm@openssh.com', 'aes256-gcm@openssh.com', 'aes128-cbc', 'aes192-cbc', 'aes256-cbc', 'blowfish-cbc', 'cast128-cbc', '3des-cbc'] server encrypt:['chacha20-poly1305@openssh.com', 'aes128-ctr', 'aes192-ctr', 'aes256-ctr', 'aes128-gcm@openssh.com', 'aes256-gcm@openssh.com', 'aes128-cbc', 'aes192-cbc', 'aes256-cbc', 'blowfish-cbc', 'cast128-cbc', '3des-cbc'] client mac:['umac-64-etm@openssh.com', 'umac-128-etm@openssh.com', 'hmac-sha2-256-etm@openssh.com', 'hmac-sha2-512-etm@openssh.com', 'hmac-sha1-etm@openssh.com', 'umac-64@openssh.com', 'umac-128@openssh.com', 'hmac-sha2-256', 'hmac-sha2-512', 'hmac-sha1'] server mac:['umac-64-etm@openssh.com', 'umac-128-etm@openssh.com', 'hmac-sha2-256-etm@openssh.com', 'hmac-sha2-512-etm@openssh.com', 'hmac-sha1-etm@openssh.com', 'umac-64@openssh.com', 'umac-128@openssh.com', 'hmac-sha2-256', 'hmac-sha2-512', 'hmac-sha1'] client compress:['none', 'zlib@openssh.com'] server compress:['none', 'zlib@openssh.com'] client lang:[''] server lang:[''] kex follows?False
DEB [20200111-00:46:24.793] thr=1   paramiko.transport: Kex agreed: curve25519-sha256@libssh.org
DEB [20200111-00:46:24.793] thr=1   paramiko.transport: HostKey agreed: ssh-ed25519
DEB [20200111-00:46:24.794] thr=1   paramiko.transport: Cipher agreed: aes128-ctr
DEB [20200111-00:46:24.794] thr=1   paramiko.transport: MAC agreed: hmac-sha2-256
DEB [20200111-00:46:24.794] thr=1   paramiko.transport: Compression agreed: none
DEB [20200111-00:46:24.799] thr=1   paramiko.transport: kex engine KexCurve25519 specified hash_algo <built-in function openssl_sha256>
DEB [20200111-00:46:24.799] thr=1   paramiko.transport: Switch to new keys ...
DEB [20200111-00:46:24.807] thr=2   paramiko.transport: Trying discovered key b'961ead912722cea604b5435b1182c62c' in C:\Users\Administrator/.ssh/id_rsa
DEB [20200111-00:46:24.839] thr=1   paramiko.transport: userauth is OK
INF [20200111-00:46:24.861] thr=1   paramiko.transport: Authentication (publickey) successful!
DEB [20200111-00:46:25.006] thr=1   paramiko.transport: Received global request "hostkeys-00@openssh.com"
DEB [20200111-00:46:25.006] thr=1   paramiko.transport: Rejecting "hostkeys-00@openssh.com" global request from server.
DEB [20200111-00:46:26.771] thr=2   paramiko.transport: [chan 0] Max packet in: 32768 bytes
DEB [20200111-00:46:26.771] thr=1   paramiko.transport: [chan 0] Max packet out: 32768 bytes
DEB [20200111-00:46:26.771] thr=1   paramiko.transport: Secsh channel 0 opened.
DEB [20200111-00:46:26.782] thr=1   paramiko.transport: [chan 0] Sesch channel 0 request ok
DEB [20200111-00:46:26.782] thr=2   paramiko.transport: [chan 0] EOF sent (0)
DEB [20200111-00:46:26.938] thr=1   paramiko.transport: [chan 0] EOF received (0)
DEB [20200111-00:46:30.804] thr=2   paramiko.transport: [chan 1] Max packet in: 32768 bytes
DEB [20200111-00:46:30.804] thr=1   paramiko.transport: [chan 1] Max packet out: 32768 bytes
DEB [20200111-00:46:30.804] thr=1   paramiko.transport: Secsh channel 1 opened.
DEB [20200111-00:46:30.806] thr=1   paramiko.transport: [chan 1] Sesch channel 1 request ok
DEB [20200111-00:46:30.806] thr=2   paramiko.transport: [chan 1] EOF sent (1)
DEB [20200111-00:46:30.959] thr=1   paramiko.transport: [chan 1] EOF received (1)
DEB [20200111-00:46:35.435] thr=2   paramiko.transport: [chan 2] Max packet in: 32768 bytes
DEB [20200111-00:46:35.435] thr=1   paramiko.transport: [chan 2] Max packet out: 32768 bytes
DEB [20200111-00:46:35.436] thr=1   paramiko.transport: Secsh channel 2 opened.
DEB [20200111-00:46:35.437] thr=1   paramiko.transport: [chan 2] Sesch channel 2 request ok
DEB [20200111-00:46:35.437] thr=2   paramiko.transport: [chan 2] EOF sent (2)
DEB [20200111-00:46:35.935] thr=1   paramiko.transport: [chan 2] EOF received (2)
DEB [20200111-00:46:54.811] thr=1   paramiko.transport: EOF in transport thread
DEB [20200401-18:09:53.572] thr=1   paramiko.transport: starting thread (client mode): 0xb89dc310
DEB [20200401-18:09:53.572] thr=1   paramiko.transport: Local version/idstring: SSH-2.0-paramiko_2.7.1
DEB [20200401-18:09:53.606] thr=1   paramiko.transport: Remote version/idstring: SSH-2.0-OpenSSH_6.6.1
INF [20200401-18:09:53.606] thr=1   paramiko.transport: Connected (version 2.0, client OpenSSH_6.6.1)
DEB [20200401-18:09:53.640] thr=1   paramiko.transport: kex algos:['curve25519-sha256@libssh.org', 'ecdh-sha2-nistp256', 'ecdh-sha2-nistp384', 'ecdh-sha2-nistp521', 'diffie-hellman-group-exchange-sha256', 'diffie-hellman-group-exchange-sha1', 'diffie-hellman-group14-sha1', 'diffie-hellman-group1-sha1'] server key:['ssh-rsa', 'ecdsa-sha2-nistp256', 'ssh-ed25519'] client encrypt:['aes128-ctr', 'aes192-ctr', 'aes256-ctr', 'arcfour256', 'arcfour128', 'aes128-gcm@openssh.com', 'aes256-gcm@openssh.com', 'chacha20-poly1305@openssh.com', 'aes128-cbc', '3des-cbc', 'blowfish-cbc', 'cast128-cbc', 'aes192-cbc', 'aes256-cbc', 'arcfour', 'rijndael-cbc@lysator.liu.se'] server encrypt:['aes128-ctr', 'aes192-ctr', 'aes256-ctr', 'arcfour256', 'arcfour128', 'aes128-gcm@openssh.com', 'aes256-gcm@openssh.com', 'chacha20-poly1305@openssh.com', 'aes128-cbc', '3des-cbc', 'blowfish-cbc', 'cast128-cbc', 'aes192-cbc', 'aes256-cbc', 'arcfour', 'rijndael-cbc@lysator.liu.se'] client mac:['hmac-md5-etm@openssh.com', 'hmac-sha1-etm@openssh.com', 'umac-64-etm@openssh.com', 'umac-128-etm@openssh.com', 'hmac-sha2-256-etm@openssh.com', 'hmac-sha2-512-etm@openssh.com', 'hmac-ripemd160-etm@openssh.com', 'hmac-sha1-96-etm@openssh.com', 'hmac-md5-96-etm@openssh.com', 'hmac-md5', 'hmac-sha1', 'umac-64@openssh.com', 'umac-128@openssh.com', 'hmac-sha2-256', 'hmac-sha2-512', 'hmac-ripemd160', 'hmac-ripemd160@openssh.com', 'hmac-sha1-96', 'hmac-md5-96'] server mac:['hmac-md5-etm@openssh.com', 'hmac-sha1-etm@openssh.com', 'umac-64-etm@openssh.com', 'umac-128-etm@openssh.com', 'hmac-sha2-256-etm@openssh.com', 'hmac-sha2-512-etm@openssh.com', 'hmac-ripemd160-etm@openssh.com', 'hmac-sha1-96-etm@openssh.com', 'hmac-md5-96-etm@openssh.com', 'hmac-md5', 'hmac-sha1', 'umac-64@openssh.com', 'umac-128@openssh.com', 'hmac-sha2-256', 'hmac-sha2-512', 'hmac-ripemd160', 'hmac-ripemd160@openssh.com', 'hmac-sha1-96', 'hmac-md5-96'] client compress:['none', 'zlib@openssh.com'] server compress:['none', 'zlib@openssh.com'] client lang:[''] server lang:[''] kex follows?False
DEB [20200401-18:09:53.641] thr=1   paramiko.transport: Kex agreed: curve25519-sha256@libssh.org
DEB [20200401-18:09:53.641] thr=1   paramiko.transport: HostKey agreed: ssh-ed25519
DEB [20200401-18:09:53.641] thr=1   paramiko.transport: Cipher agreed: aes128-ctr
DEB [20200401-18:09:53.641] thr=1   paramiko.transport: MAC agreed: hmac-sha2-256
DEB [20200401-18:09:53.641] thr=1   paramiko.transport: Compression agreed: none
DEB [20200401-18:09:53.681] thr=1   paramiko.transport: kex engine KexCurve25519 specified hash_algo <built-in function openssl_sha256>
DEB [20200401-18:09:53.681] thr=1   paramiko.transport: Switch to new keys ...
DEB [20200402-00:42:48.235] thr=1   paramiko.transport: starting thread (client mode): 0xec098190
DEB [20200402-00:42:48.236] thr=1   paramiko.transport: Local version/idstring: SSH-2.0-paramiko_2.7.1
DEB [20200402-00:42:48.255] thr=1   paramiko.transport: Remote version/idstring: SSH-2.0-OpenSSH_7.4
INF [20200402-00:42:48.255] thr=1   paramiko.transport: Connected (version 2.0, client OpenSSH_7.4)
DEB [20200402-00:42:48.258] thr=1   paramiko.transport: kex algos:['curve25519-sha256', 'curve25519-sha256@libssh.org', 'ecdh-sha2-nistp256', 'ecdh-sha2-nistp384', 'ecdh-sha2-nistp521', 'diffie-hellman-group-exchange-sha256', 'diffie-hellman-group16-sha512', 'diffie-hellman-group18-sha512', 'diffie-hellman-group-exchange-sha1', 'diffie-hellman-group14-sha256', 'diffie-hellman-group14-sha1', 'diffie-hellman-group1-sha1'] server key:['ssh-rsa', 'rsa-sha2-512', 'rsa-sha2-256', 'ecdsa-sha2-nistp256', 'ssh-ed25519'] client encrypt:['chacha20-poly1305@openssh.com', 'aes128-ctr', 'aes192-ctr', 'aes256-ctr', 'aes128-gcm@openssh.com', 'aes256-gcm@openssh.com', 'aes128-cbc', 'aes192-cbc', 'aes256-cbc', 'blowfish-cbc', 'cast128-cbc', '3des-cbc'] server encrypt:['chacha20-poly1305@openssh.com', 'aes128-ctr', 'aes192-ctr', 'aes256-ctr', 'aes128-gcm@openssh.com', 'aes256-gcm@openssh.com', 'aes128-cbc', 'aes192-cbc', 'aes256-cbc', 'blowfish-cbc', 'cast128-cbc', '3des-cbc'] client mac:['umac-64-etm@openssh.com', 'umac-128-etm@openssh.com', 'hmac-sha2-256-etm@openssh.com', 'hmac-sha2-512-etm@openssh.com', 'hmac-sha1-etm@openssh.com', 'umac-64@openssh.com', 'umac-128@openssh.com', 'hmac-sha2-256', 'hmac-sha2-512', 'hmac-sha1'] server mac:['umac-64-etm@openssh.com', 'umac-128-etm@openssh.com', 'hmac-sha2-256-etm@openssh.com', 'hmac-sha2-512-etm@openssh.com', 'hmac-sha1-etm@openssh.com', 'umac-64@openssh.com', 'umac-128@openssh.com', 'hmac-sha2-256', 'hmac-sha2-512', 'hmac-sha1'] client compress:['none', 'zlib@openssh.com'] server compress:['none', 'zlib@openssh.com'] client lang:[''] server lang:[''] kex follows?False
DEB [20200402-00:42:48.258] thr=1   paramiko.transport: Kex agreed: curve25519-sha256@libssh.org
DEB [20200402-00:42:48.258] thr=1   paramiko.transport: HostKey agreed: ssh-ed25519
DEB [20200402-00:42:48.259] thr=1   paramiko.transport: Cipher agreed: aes128-ctr
DEB [20200402-00:42:48.259] thr=1   paramiko.transport: MAC agreed: hmac-sha2-256
DEB [20200402-00:42:48.259] thr=1   paramiko.transport: Compression agreed: none
DEB [20200402-00:42:48.278] thr=1   paramiko.transport: kex engine KexCurve25519 specified hash_algo <built-in function openssl_sha256>
DEB [20200402-00:42:48.279] thr=1   paramiko.transport: Switch to new keys ...
DEB [20200402-00:42:59.521] thr=1   paramiko.transport: EOF in transport thread
DEB [20200402-00:44:22.223] thr=1   paramiko.transport: starting thread (client mode): 0xe039e1f0
DEB [20200402-00:44:22.224] thr=1   paramiko.transport: Local version/idstring: SSH-2.0-paramiko_2.7.1
DEB [20200402-00:44:22.227] thr=1   paramiko.transport: Remote version/idstring: SSH-2.0-OpenSSH_7.4
INF [20200402-00:44:22.227] thr=1   paramiko.transport: Connected (version 2.0, client OpenSSH_7.4)
DEB [20200402-00:44:22.230] thr=1   paramiko.transport: kex algos:['curve25519-sha256', 'curve25519-sha256@libssh.org', 'ecdh-sha2-nistp256', 'ecdh-sha2-nistp384', 'ecdh-sha2-nistp521', 'diffie-hellman-group-exchange-sha256', 'diffie-hellman-group16-sha512', 'diffie-hellman-group18-sha512', 'diffie-hellman-group-exchange-sha1', 'diffie-hellman-group14-sha256', 'diffie-hellman-group14-sha1', 'diffie-hellman-group1-sha1'] server key:['ssh-rsa', 'rsa-sha2-512', 'rsa-sha2-256', 'ecdsa-sha2-nistp256', 'ssh-ed25519'] client encrypt:['chacha20-poly1305@openssh.com', 'aes128-ctr', 'aes192-ctr', 'aes256-ctr', 'aes128-gcm@openssh.com', 'aes256-gcm@openssh.com', 'aes128-cbc', 'aes192-cbc', 'aes256-cbc', 'blowfish-cbc', 'cast128-cbc', '3des-cbc'] server encrypt:['chacha20-poly1305@openssh.com', 'aes128-ctr', 'aes192-ctr', 'aes256-ctr', 'aes128-gcm@openssh.com', 'aes256-gcm@openssh.com', 'aes128-cbc', 'aes192-cbc', 'aes256-cbc', 'blowfish-cbc', 'cast128-cbc', '3des-cbc'] client mac:['umac-64-etm@openssh.com', 'umac-128-etm@openssh.com', 'hmac-sha2-256-etm@openssh.com', 'hmac-sha2-512-etm@openssh.com', 'hmac-sha1-etm@openssh.com', 'umac-64@openssh.com', 'umac-128@openssh.com', 'hmac-sha2-256', 'hmac-sha2-512', 'hmac-sha1'] server mac:['umac-64-etm@openssh.com', 'umac-128-etm@openssh.com', 'hmac-sha2-256-etm@openssh.com', 'hmac-sha2-512-etm@openssh.com', 'hmac-sha1-etm@openssh.com', 'umac-64@openssh.com', 'umac-128@openssh.com', 'hmac-sha2-256', 'hmac-sha2-512', 'hmac-sha1'] client compress:['none', 'zlib@openssh.com'] server compress:['none', 'zlib@openssh.com'] client lang:[''] server lang:[''] kex follows?False
DEB [20200402-00:44:22.230] thr=1   paramiko.transport: Kex agreed: curve25519-sha256@libssh.org
DEB [20200402-00:44:22.230] thr=1   paramiko.transport: HostKey agreed: ssh-ed25519
DEB [20200402-00:44:22.231] thr=1   paramiko.transport: Cipher agreed: aes128-ctr
DEB [20200402-00:44:22.231] thr=1   paramiko.transport: MAC agreed: hmac-sha2-256
DEB [20200402-00:44:22.231] thr=1   paramiko.transport: Compression agreed: none
DEB [20200402-00:44:22.246] thr=1   paramiko.transport: kex engine KexCurve25519 specified hash_algo <built-in function openssl_sha256>
DEB [20200402-00:44:22.247] thr=1   paramiko.transport: Switch to new keys ...
DEB [20200402-00:44:22.293] thr=1   paramiko.transport: userauth is OK
INF [20200402-00:44:24.914] thr=1   paramiko.transport: Authentication (password) failed.
DEB [20200402-00:46:13.127] thr=1   paramiko.transport: EOF in transport thread
DEB [20200402-01:25:21.268] thr=1   paramiko.transport: starting thread (client mode): 0xab2de1f0
DEB [20200402-01:25:21.269] thr=1   paramiko.transport: Local version/idstring: SSH-2.0-paramiko_2.7.1
DEB [20200402-01:25:21.274] thr=1   paramiko.transport: Remote version/idstring: SSH-2.0-OpenSSH_7.4
INF [20200402-01:25:21.274] thr=1   paramiko.transport: Connected (version 2.0, client OpenSSH_7.4)
DEB [20200402-01:25:21.276] thr=1   paramiko.transport: kex algos:['curve25519-sha256', 'curve25519-sha256@libssh.org', 'ecdh-sha2-nistp256', 'ecdh-sha2-nistp384', 'ecdh-sha2-nistp521', 'diffie-hellman-group-exchange-sha256', 'diffie-hellman-group16-sha512', 'diffie-hellman-group18-sha512', 'diffie-hellman-group-exchange-sha1', 'diffie-hellman-group14-sha256', 'diffie-hellman-group14-sha1', 'diffie-hellman-group1-sha1'] server key:['ssh-rsa', 'rsa-sha2-512', 'rsa-sha2-256', 'ecdsa-sha2-nistp256', 'ssh-ed25519'] client encrypt:['chacha20-poly1305@openssh.com', 'aes128-ctr', 'aes192-ctr', 'aes256-ctr', 'aes128-gcm@openssh.com', 'aes256-gcm@openssh.com', 'aes128-cbc', 'aes192-cbc', 'aes256-cbc', 'blowfish-cbc', 'cast128-cbc', '3des-cbc'] server encrypt:['chacha20-poly1305@openssh.com', 'aes128-ctr', 'aes192-ctr', 'aes256-ctr', 'aes128-gcm@openssh.com', 'aes256-gcm@openssh.com', 'aes128-cbc', 'aes192-cbc', 'aes256-cbc', 'blowfish-cbc', 'cast128-cbc', '3des-cbc'] client mac:['umac-64-etm@openssh.com', 'umac-128-etm@openssh.com', 'hmac-sha2-256-etm@openssh.com', 'hmac-sha2-512-etm@openssh.com', 'hmac-sha1-etm@openssh.com', 'umac-64@openssh.com', 'umac-128@openssh.com', 'hmac-sha2-256', 'hmac-sha2-512', 'hmac-sha1'] server mac:['umac-64-etm@openssh.com', 'umac-128-etm@openssh.com', 'hmac-sha2-256-etm@openssh.com', 'hmac-sha2-512-etm@openssh.com', 'hmac-sha1-etm@openssh.com', 'umac-64@openssh.com', 'umac-128@openssh.com', 'hmac-sha2-256', 'hmac-sha2-512', 'hmac-sha1'] client compress:['none', 'zlib@openssh.com'] server compress:['none', 'zlib@openssh.com'] client lang:[''] server lang:[''] kex follows?False
DEB [20200402-01:25:21.276] thr=1   paramiko.transport: Kex agreed: curve25519-sha256@libssh.org
DEB [20200402-01:25:21.276] thr=1   paramiko.transport: HostKey agreed: ssh-ed25519
DEB [20200402-01:25:21.276] thr=1   paramiko.transport: Cipher agreed: aes128-ctr
DEB [20200402-01:25:21.276] thr=1   paramiko.transport: MAC agreed: hmac-sha2-256
DEB [20200402-01:25:21.276] thr=1   paramiko.transport: Compression agreed: none
DEB [20200402-01:25:21.284] thr=1   paramiko.transport: kex engine KexCurve25519 specified hash_algo <built-in function openssl_sha256>
DEB [20200402-01:25:21.284] thr=1   paramiko.transport: Switch to new keys ...
DEB [20200402-01:25:21.323] thr=1   paramiko.transport: userauth is OK
INF [20200402-01:25:23.358] thr=1   paramiko.transport: Authentication (password) failed.
DEB [20200402-01:27:12.138] thr=1   paramiko.transport: EOF in transport thread
DEB [20200402-01:30:09.606] thr=1   paramiko.transport: starting thread (client mode): 0xdb63e1f0
DEB [20200402-01:30:09.606] thr=1   paramiko.transport: Local version/idstring: SSH-2.0-paramiko_2.7.1
DEB [20200402-01:30:09.614] thr=1   paramiko.transport: Remote version/idstring: SSH-2.0-OpenSSH_7.4
INF [20200402-01:30:09.614] thr=1   paramiko.transport: Connected (version 2.0, client OpenSSH_7.4)
DEB [20200402-01:30:09.616] thr=1   paramiko.transport: kex algos:['curve25519-sha256', 'curve25519-sha256@libssh.org', 'ecdh-sha2-nistp256', 'ecdh-sha2-nistp384', 'ecdh-sha2-nistp521', 'diffie-hellman-group-exchange-sha256', 'diffie-hellman-group16-sha512', 'diffie-hellman-group18-sha512', 'diffie-hellman-group-exchange-sha1', 'diffie-hellman-group14-sha256', 'diffie-hellman-group14-sha1', 'diffie-hellman-group1-sha1'] server key:['ssh-rsa', 'rsa-sha2-512', 'rsa-sha2-256', 'ecdsa-sha2-nistp256', 'ssh-ed25519'] client encrypt:['chacha20-poly1305@openssh.com', 'aes128-ctr', 'aes192-ctr', 'aes256-ctr', 'aes128-gcm@openssh.com', 'aes256-gcm@openssh.com', 'aes128-cbc', 'aes192-cbc', 'aes256-cbc', 'blowfish-cbc', 'cast128-cbc', '3des-cbc'] server encrypt:['chacha20-poly1305@openssh.com', 'aes128-ctr', 'aes192-ctr', 'aes256-ctr', 'aes128-gcm@openssh.com', 'aes256-gcm@openssh.com', 'aes128-cbc', 'aes192-cbc', 'aes256-cbc', 'blowfish-cbc', 'cast128-cbc', '3des-cbc'] client mac:['umac-64-etm@openssh.com', 'umac-128-etm@openssh.com', 'hmac-sha2-256-etm@openssh.com', 'hmac-sha2-512-etm@openssh.com', 'hmac-sha1-etm@openssh.com', 'umac-64@openssh.com', 'umac-128@openssh.com', 'hmac-sha2-256', 'hmac-sha2-512', 'hmac-sha1'] server mac:['umac-64-etm@openssh.com', 'umac-128-etm@openssh.com', 'hmac-sha2-256-etm@openssh.com', 'hmac-sha2-512-etm@openssh.com', 'hmac-sha1-etm@openssh.com', 'umac-64@openssh.com', 'umac-128@openssh.com', 'hmac-sha2-256', 'hmac-sha2-512', 'hmac-sha1'] client compress:['none', 'zlib@openssh.com'] server compress:['none', 'zlib@openssh.com'] client lang:[''] server lang:[''] kex follows?False
DEB [20200402-01:30:09.616] thr=1   paramiko.transport: Kex agreed: curve25519-sha256@libssh.org
DEB [20200402-01:30:09.616] thr=1   paramiko.transport: HostKey agreed: ssh-ed25519
DEB [20200402-01:30:09.617] thr=1   paramiko.transport: Cipher agreed: aes128-ctr
DEB [20200402-01:30:09.617] thr=1   paramiko.transport: MAC agreed: hmac-sha2-256
DEB [20200402-01:30:09.617] thr=1   paramiko.transport: Compression agreed: none
DEB [20200402-01:30:09.624] thr=1   paramiko.transport: kex engine KexCurve25519 specified hash_algo <built-in function openssl_sha256>
DEB [20200402-01:30:09.625] thr=1   paramiko.transport: Switch to new keys ...
DEB [20200402-01:30:09.665] thr=1   paramiko.transport: userauth is OK
INF [20200402-01:30:11.651] thr=1   paramiko.transport: Authentication (password) failed.
DEB [20200402-01:31:07.532] thr=1   paramiko.transport: EOF in transport thread
DEB [20200402-01:31:19.553] thr=1   paramiko.transport: starting thread (client mode): 0xce36e1f0
DEB [20200402-01:31:19.553] thr=1   paramiko.transport: Local version/idstring: SSH-2.0-paramiko_2.7.1
DEB [20200402-01:31:19.561] thr=1   paramiko.transport: Remote version/idstring: SSH-2.0-OpenSSH_7.4
INF [20200402-01:31:19.561] thr=1   paramiko.transport: Connected (version 2.0, client OpenSSH_7.4)
DEB [20200402-01:31:19.563] thr=1   paramiko.transport: kex algos:['curve25519-sha256', 'curve25519-sha256@libssh.org', 'ecdh-sha2-nistp256', 'ecdh-sha2-nistp384', 'ecdh-sha2-nistp521', 'diffie-hellman-group-exchange-sha256', 'diffie-hellman-group16-sha512', 'diffie-hellman-group18-sha512', 'diffie-hellman-group-exchange-sha1', 'diffie-hellman-group14-sha256', 'diffie-hellman-group14-sha1', 'diffie-hellman-group1-sha1'] server key:['ssh-rsa', 'rsa-sha2-512', 'rsa-sha2-256', 'ecdsa-sha2-nistp256', 'ssh-ed25519'] client encrypt:['chacha20-poly1305@openssh.com', 'aes128-ctr', 'aes192-ctr', 'aes256-ctr', 'aes128-gcm@openssh.com', 'aes256-gcm@openssh.com', 'aes128-cbc', 'aes192-cbc', 'aes256-cbc', 'blowfish-cbc', 'cast128-cbc', '3des-cbc'] server encrypt:['chacha20-poly1305@openssh.com', 'aes128-ctr', 'aes192-ctr', 'aes256-ctr', 'aes128-gcm@openssh.com', 'aes256-gcm@openssh.com', 'aes128-cbc', 'aes192-cbc', 'aes256-cbc', 'blowfish-cbc', 'cast128-cbc', '3des-cbc'] client mac:['umac-64-etm@openssh.com', 'umac-128-etm@openssh.com', 'hmac-sha2-256-etm@openssh.com', 'hmac-sha2-512-etm@openssh.com', 'hmac-sha1-etm@openssh.com', 'umac-64@openssh.com', 'umac-128@openssh.com', 'hmac-sha2-256', 'hmac-sha2-512', 'hmac-sha1'] server mac:['umac-64-etm@openssh.com', 'umac-128-etm@openssh.com', 'hmac-sha2-256-etm@openssh.com', 'hmac-sha2-512-etm@openssh.com', 'hmac-sha1-etm@openssh.com', 'umac-64@openssh.com', 'umac-128@openssh.com', 'hmac-sha2-256', 'hmac-sha2-512', 'hmac-sha1'] client compress:['none', 'zlib@openssh.com'] server compress:['none', 'zlib@openssh.com'] client lang:[''] server lang:[''] kex follows?False
DEB [20200402-01:31:19.563] thr=1   paramiko.transport: Kex agreed: curve25519-sha256@libssh.org
DEB [20200402-01:31:19.563] thr=1   paramiko.transport: HostKey agreed: ssh-ed25519
DEB [20200402-01:31:19.563] thr=1   paramiko.transport: Cipher agreed: aes128-ctr
DEB [20200402-01:31:19.563] thr=1   paramiko.transport: MAC agreed: hmac-sha2-256
DEB [20200402-01:31:19.563] thr=1   paramiko.transport: Compression agreed: none
DEB [20200402-01:31:19.571] thr=1   paramiko.transport: kex engine KexCurve25519 specified hash_algo <built-in function openssl_sha256>
DEB [20200402-01:31:19.572] thr=1   paramiko.transport: Switch to new keys ...
DEB [20200402-01:31:19.611] thr=1   paramiko.transport: userauth is OK
INF [20200402-01:31:21.816] thr=1   paramiko.transport: Authentication (password) failed.
DEB [20200402-01:31:25.799] thr=1   paramiko.transport: EOF in transport thread
DEB [20200402-01:35:14.622] thr=1   paramiko.transport: starting thread (client mode): 0x6bfbe1f0
DEB [20200402-01:35:14.623] thr=1   paramiko.transport: Local version/idstring: SSH-2.0-paramiko_2.7.1
DEB [20200402-01:35:14.631] thr=1   paramiko.transport: Remote version/idstring: SSH-2.0-OpenSSH_7.4
INF [20200402-01:35:14.631] thr=1   paramiko.transport: Connected (version 2.0, client OpenSSH_7.4)
DEB [20200402-01:35:14.633] thr=1   paramiko.transport: kex algos:['curve25519-sha256', 'curve25519-sha256@libssh.org', 'ecdh-sha2-nistp256', 'ecdh-sha2-nistp384', 'ecdh-sha2-nistp521', 'diffie-hellman-group-exchange-sha256', 'diffie-hellman-group16-sha512', 'diffie-hellman-group18-sha512', 'diffie-hellman-group-exchange-sha1', 'diffie-hellman-group14-sha256', 'diffie-hellman-group14-sha1', 'diffie-hellman-group1-sha1'] server key:['ssh-rsa', 'rsa-sha2-512', 'rsa-sha2-256', 'ecdsa-sha2-nistp256', 'ssh-ed25519'] client encrypt:['chacha20-poly1305@openssh.com', 'aes128-ctr', 'aes192-ctr', 'aes256-ctr', 'aes128-gcm@openssh.com', 'aes256-gcm@openssh.com', 'aes128-cbc', 'aes192-cbc', 'aes256-cbc', 'blowfish-cbc', 'cast128-cbc', '3des-cbc'] server encrypt:['chacha20-poly1305@openssh.com', 'aes128-ctr', 'aes192-ctr', 'aes256-ctr', 'aes128-gcm@openssh.com', 'aes256-gcm@openssh.com', 'aes128-cbc', 'aes192-cbc', 'aes256-cbc', 'blowfish-cbc', 'cast128-cbc', '3des-cbc'] client mac:['umac-64-etm@openssh.com', 'umac-128-etm@openssh.com', 'hmac-sha2-256-etm@openssh.com', 'hmac-sha2-512-etm@openssh.com', 'hmac-sha1-etm@openssh.com', 'umac-64@openssh.com', 'umac-128@openssh.com', 'hmac-sha2-256', 'hmac-sha2-512', 'hmac-sha1'] server mac:['umac-64-etm@openssh.com', 'umac-128-etm@openssh.com', 'hmac-sha2-256-etm@openssh.com', 'hmac-sha2-512-etm@openssh.com', 'hmac-sha1-etm@openssh.com', 'umac-64@openssh.com', 'umac-128@openssh.com', 'hmac-sha2-256', 'hmac-sha2-512', 'hmac-sha1'] client compress:['none', 'zlib@openssh.com'] server compress:['none', 'zlib@openssh.com'] client lang:[''] server lang:[''] kex follows?False
DEB [20200402-01:35:14.633] thr=1   paramiko.transport: Kex agreed: curve25519-sha256@libssh.org
DEB [20200402-01:35:14.633] thr=1   paramiko.transport: HostKey agreed: ssh-ed25519
DEB [20200402-01:35:14.633] thr=1   paramiko.transport: Cipher agreed: aes128-ctr
DEB [20200402-01:35:14.633] thr=1   paramiko.transport: MAC agreed: hmac-sha2-256
DEB [20200402-01:35:14.633] thr=1   paramiko.transport: Compression agreed: none
DEB [20200402-01:35:14.640] thr=1   paramiko.transport: kex engine KexCurve25519 specified hash_algo <built-in function openssl_sha256>
DEB [20200402-01:35:14.641] thr=1   paramiko.transport: Switch to new keys ...
DEB [20200402-01:35:14.678] thr=1   paramiko.transport: userauth is OK
INF [20200402-01:35:16.657] thr=1   paramiko.transport: Authentication (password) failed.
DEB [20200402-01:35:58.240] thr=1   paramiko.transport: EOF in transport thread
DEB [20200402-01:36:45.105] thr=1   paramiko.transport: starting thread (client mode): 0xd3878160
DEB [20200402-01:36:45.106] thr=1   paramiko.transport: Local version/idstring: SSH-2.0-paramiko_2.7.1
DEB [20200402-01:36:45.106] thr=1   paramiko.transport: Remote version/idstring: SSH-2.0-OpenSSH_7.4
INF [20200402-01:36:45.106] thr=1   paramiko.transport: Connected (version 2.0, client OpenSSH_7.4)
DEB [20200402-01:36:45.108] thr=1   paramiko.transport: kex algos:['curve25519-sha256', 'curve25519-sha256@libssh.org', 'ecdh-sha2-nistp256', 'ecdh-sha2-nistp384', 'ecdh-sha2-nistp521', 'diffie-hellman-group-exchange-sha256', 'diffie-hellman-group16-sha512', 'diffie-hellman-group18-sha512', 'diffie-hellman-group-exchange-sha1', 'diffie-hellman-group14-sha256', 'diffie-hellman-group14-sha1', 'diffie-hellman-group1-sha1'] server key:['ssh-rsa', 'rsa-sha2-512', 'rsa-sha2-256', 'ecdsa-sha2-nistp256', 'ssh-ed25519'] client encrypt:['chacha20-poly1305@openssh.com', 'aes128-ctr', 'aes192-ctr', 'aes256-ctr', 'aes128-gcm@openssh.com', 'aes256-gcm@openssh.com', 'aes128-cbc', 'aes192-cbc', 'aes256-cbc', 'blowfish-cbc', 'cast128-cbc', '3des-cbc'] server encrypt:['chacha20-poly1305@openssh.com', 'aes128-ctr', 'aes192-ctr', 'aes256-ctr', 'aes128-gcm@openssh.com', 'aes256-gcm@openssh.com', 'aes128-cbc', 'aes192-cbc', 'aes256-cbc', 'blowfish-cbc', 'cast128-cbc', '3des-cbc'] client mac:['umac-64-etm@openssh.com', 'umac-128-etm@openssh.com', 'hmac-sha2-256-etm@openssh.com', 'hmac-sha2-512-etm@openssh.com', 'hmac-sha1-etm@openssh.com', 'umac-64@openssh.com', 'umac-128@openssh.com', 'hmac-sha2-256', 'hmac-sha2-512', 'hmac-sha1'] server mac:['umac-64-etm@openssh.com', 'umac-128-etm@openssh.com', 'hmac-sha2-256-etm@openssh.com', 'hmac-sha2-512-etm@openssh.com', 'hmac-sha1-etm@openssh.com', 'umac-64@openssh.com', 'umac-128@openssh.com', 'hmac-sha2-256', 'hmac-sha2-512', 'hmac-sha1'] client compress:['none', 'zlib@openssh.com'] server compress:['none', 'zlib@openssh.com'] client lang:[''] server lang:[''] kex follows?False
DEB [20200402-01:36:45.108] thr=1   paramiko.transport: Kex agreed: curve25519-sha256@libssh.org
DEB [20200402-01:36:45.108] thr=1   paramiko.transport: HostKey agreed: ssh-ed25519
DEB [20200402-01:36:45.108] thr=1   paramiko.transport: Cipher agreed: aes128-ctr
DEB [20200402-01:36:45.108] thr=1   paramiko.transport: MAC agreed: hmac-sha2-256
DEB [20200402-01:36:45.108] thr=1   paramiko.transport: Compression agreed: none
DEB [20200402-01:36:45.155] thr=1   paramiko.transport: kex engine KexCurve25519 specified hash_algo <built-in function openssl_sha256>
DEB [20200402-01:36:45.155] thr=1   paramiko.transport: Switch to new keys ...
DEB [20200402-01:36:45.195] thr=1   paramiko.transport: userauth is OK
INF [20200402-01:36:49.650] thr=1   paramiko.transport: Authentication (password) failed.
DEB [20200402-01:36:58.021] thr=1   paramiko.transport: EOF in transport thread
DEB [20200402-01:37:00.173] thr=1   paramiko.transport: starting thread (client mode): 0xb3c9e1f0
DEB [20200402-01:37:00.174] thr=1   paramiko.transport: Local version/idstring: SSH-2.0-paramiko_2.7.1
DEB [20200402-01:37:00.183] thr=1   paramiko.transport: Remote version/idstring: SSH-2.0-OpenSSH_7.4
INF [20200402-01:37:00.183] thr=1   paramiko.transport: Connected (version 2.0, client OpenSSH_7.4)
DEB [20200402-01:37:00.185] thr=1   paramiko.transport: kex algos:['curve25519-sha256', 'curve25519-sha256@libssh.org', 'ecdh-sha2-nistp256', 'ecdh-sha2-nistp384', 'ecdh-sha2-nistp521', 'diffie-hellman-group-exchange-sha256', 'diffie-hellman-group16-sha512', 'diffie-hellman-group18-sha512', 'diffie-hellman-group-exchange-sha1', 'diffie-hellman-group14-sha256', 'diffie-hellman-group14-sha1', 'diffie-hellman-group1-sha1'] server key:['ssh-rsa', 'rsa-sha2-512', 'rsa-sha2-256', 'ecdsa-sha2-nistp256', 'ssh-ed25519'] client encrypt:['chacha20-poly1305@openssh.com', 'aes128-ctr', 'aes192-ctr', 'aes256-ctr', 'aes128-gcm@openssh.com', 'aes256-gcm@openssh.com', 'aes128-cbc', 'aes192-cbc', 'aes256-cbc', 'blowfish-cbc', 'cast128-cbc', '3des-cbc'] server encrypt:['chacha20-poly1305@openssh.com', 'aes128-ctr', 'aes192-ctr', 'aes256-ctr', 'aes128-gcm@openssh.com', 'aes256-gcm@openssh.com', 'aes128-cbc', 'aes192-cbc', 'aes256-cbc', 'blowfish-cbc', 'cast128-cbc', '3des-cbc'] client mac:['umac-64-etm@openssh.com', 'umac-128-etm@openssh.com', 'hmac-sha2-256-etm@openssh.com', 'hmac-sha2-512-etm@openssh.com', 'hmac-sha1-etm@openssh.com', 'umac-64@openssh.com', 'umac-128@openssh.com', 'hmac-sha2-256', 'hmac-sha2-512', 'hmac-sha1'] server mac:['umac-64-etm@openssh.com', 'umac-128-etm@openssh.com', 'hmac-sha2-256-etm@openssh.com', 'hmac-sha2-512-etm@openssh.com', 'hmac-sha1-etm@openssh.com', 'umac-64@openssh.com', 'umac-128@openssh.com', 'hmac-sha2-256', 'hmac-sha2-512', 'hmac-sha1'] client compress:['none', 'zlib@openssh.com'] server compress:['none', 'zlib@openssh.com'] client lang:[''] server lang:[''] kex follows?False
DEB [20200402-01:37:00.185] thr=1   paramiko.transport: Kex agreed: curve25519-sha256@libssh.org
DEB [20200402-01:37:00.185] thr=1   paramiko.transport: HostKey agreed: ssh-ed25519
DEB [20200402-01:37:00.185] thr=1   paramiko.transport: Cipher agreed: aes128-ctr
DEB [20200402-01:37:00.186] thr=1   paramiko.transport: MAC agreed: hmac-sha2-256
DEB [20200402-01:37:00.186] thr=1   paramiko.transport: Compression agreed: none
DEB [20200402-01:37:00.193] thr=1   paramiko.transport: kex engine KexCurve25519 specified hash_algo <built-in function openssl_sha256>
DEB [20200402-01:37:00.194] thr=1   paramiko.transport: Switch to new keys ...
DEB [20200402-01:37:00.231] thr=1   paramiko.transport: userauth is OK
INF [20200402-01:37:01.900] thr=1   paramiko.transport: Authentication (password) failed.
DEB [20200402-01:37:13.739] thr=1   paramiko.transport: EOF in transport thread
DEB [20200402-01:37:42.018] thr=1   paramiko.transport: starting thread (client mode): 0x65f2e1f0
DEB [20200402-01:37:42.018] thr=1   paramiko.transport: Local version/idstring: SSH-2.0-paramiko_2.7.1
DEB [20200402-01:37:42.026] thr=1   paramiko.transport: Remote version/idstring: SSH-2.0-OpenSSH_7.4
INF [20200402-01:37:42.026] thr=1   paramiko.transport: Connected (version 2.0, client OpenSSH_7.4)
DEB [20200402-01:37:42.029] thr=1   paramiko.transport: kex algos:['curve25519-sha256', 'curve25519-sha256@libssh.org', 'ecdh-sha2-nistp256', 'ecdh-sha2-nistp384', 'ecdh-sha2-nistp521', 'diffie-hellman-group-exchange-sha256', 'diffie-hellman-group16-sha512', 'diffie-hellman-group18-sha512', 'diffie-hellman-group-exchange-sha1', 'diffie-hellman-group14-sha256', 'diffie-hellman-group14-sha1', 'diffie-hellman-group1-sha1'] server key:['ssh-rsa', 'rsa-sha2-512', 'rsa-sha2-256', 'ecdsa-sha2-nistp256', 'ssh-ed25519'] client encrypt:['chacha20-poly1305@openssh.com', 'aes128-ctr', 'aes192-ctr', 'aes256-ctr', 'aes128-gcm@openssh.com', 'aes256-gcm@openssh.com', 'aes128-cbc', 'aes192-cbc', 'aes256-cbc', 'blowfish-cbc', 'cast128-cbc', '3des-cbc'] server encrypt:['chacha20-poly1305@openssh.com', 'aes128-ctr', 'aes192-ctr', 'aes256-ctr', 'aes128-gcm@openssh.com', 'aes256-gcm@openssh.com', 'aes128-cbc', 'aes192-cbc', 'aes256-cbc', 'blowfish-cbc', 'cast128-cbc', '3des-cbc'] client mac:['umac-64-etm@openssh.com', 'umac-128-etm@openssh.com', 'hmac-sha2-256-etm@openssh.com', 'hmac-sha2-512-etm@openssh.com', 'hmac-sha1-etm@openssh.com', 'umac-64@openssh.com', 'umac-128@openssh.com', 'hmac-sha2-256', 'hmac-sha2-512', 'hmac-sha1'] server mac:['umac-64-etm@openssh.com', 'umac-128-etm@openssh.com', 'hmac-sha2-256-etm@openssh.com', 'hmac-sha2-512-etm@openssh.com', 'hmac-sha1-etm@openssh.com', 'umac-64@openssh.com', 'umac-128@openssh.com', 'hmac-sha2-256', 'hmac-sha2-512', 'hmac-sha1'] client compress:['none', 'zlib@openssh.com'] server compress:['none', 'zlib@openssh.com'] client lang:[''] server lang:[''] kex follows?False
DEB [20200402-01:37:42.029] thr=1   paramiko.transport: Kex agreed: curve25519-sha256@libssh.org
DEB [20200402-01:37:42.029] thr=1   paramiko.transport: HostKey agreed: ssh-ed25519
DEB [20200402-01:37:42.029] thr=1   paramiko.transport: Cipher agreed: aes128-ctr
DEB [20200402-01:37:42.029] thr=1   paramiko.transport: MAC agreed: hmac-sha2-256
DEB [20200402-01:37:42.030] thr=1   paramiko.transport: Compression agreed: none
DEB [20200402-01:37:42.038] thr=1   paramiko.transport: kex engine KexCurve25519 specified hash_algo <built-in function openssl_sha256>
DEB [20200402-01:37:42.038] thr=1   paramiko.transport: Switch to new keys ...
DEB [20200402-01:37:42.076] thr=1   paramiko.transport: userauth is OK
INF [20200402-01:37:44.395] thr=1   paramiko.transport: Authentication (password) failed.
DEB [20200402-01:37:45.858] thr=1   paramiko.transport: EOF in transport thread
DEB [20200402-14:44:27.067] thr=1   paramiko.transport: starting thread (client mode): 0x4c7c8160
DEB [20200402-14:44:27.068] thr=1   paramiko.transport: Local version/idstring: SSH-2.0-paramiko_2.7.1
DEB [20200402-14:44:27.072] thr=1   paramiko.transport: Remote version/idstring: SSH-2.0-OpenSSH_7.4
INF [20200402-14:44:27.072] thr=1   paramiko.transport: Connected (version 2.0, client OpenSSH_7.4)
DEB [20200402-14:44:27.074] thr=1   paramiko.transport: kex algos:['curve25519-sha256', 'curve25519-sha256@libssh.org', 'ecdh-sha2-nistp256', 'ecdh-sha2-nistp384', 'ecdh-sha2-nistp521', 'diffie-hellman-group-exchange-sha256', 'diffie-hellman-group16-sha512', 'diffie-hellman-group18-sha512', 'diffie-hellman-group-exchange-sha1', 'diffie-hellman-group14-sha256', 'diffie-hellman-group14-sha1', 'diffie-hellman-group1-sha1'] server key:['ssh-rsa', 'rsa-sha2-512', 'rsa-sha2-256', 'ecdsa-sha2-nistp256', 'ssh-ed25519'] client encrypt:['chacha20-poly1305@openssh.com', 'aes128-ctr', 'aes192-ctr', 'aes256-ctr', 'aes128-gcm@openssh.com', 'aes256-gcm@openssh.com', 'aes128-cbc', 'aes192-cbc', 'aes256-cbc', 'blowfish-cbc', 'cast128-cbc', '3des-cbc'] server encrypt:['chacha20-poly1305@openssh.com', 'aes128-ctr', 'aes192-ctr', 'aes256-ctr', 'aes128-gcm@openssh.com', 'aes256-gcm@openssh.com', 'aes128-cbc', 'aes192-cbc', 'aes256-cbc', 'blowfish-cbc', 'cast128-cbc', '3des-cbc'] client mac:['umac-64-etm@openssh.com', 'umac-128-etm@openssh.com', 'hmac-sha2-256-etm@openssh.com', 'hmac-sha2-512-etm@openssh.com', 'hmac-sha1-etm@openssh.com', 'umac-64@openssh.com', 'umac-128@openssh.com', 'hmac-sha2-256', 'hmac-sha2-512', 'hmac-sha1'] server mac:['umac-64-etm@openssh.com', 'umac-128-etm@openssh.com', 'hmac-sha2-256-etm@openssh.com', 'hmac-sha2-512-etm@openssh.com', 'hmac-sha1-etm@openssh.com', 'umac-64@openssh.com', 'umac-128@openssh.com', 'hmac-sha2-256', 'hmac-sha2-512', 'hmac-sha1'] client compress:['none', 'zlib@openssh.com'] server compress:['none', 'zlib@openssh.com'] client lang:[''] server lang:[''] kex follows?False
DEB [20200402-14:44:27.074] thr=1   paramiko.transport: Kex agreed: curve25519-sha256@libssh.org
DEB [20200402-14:44:27.074] thr=1   paramiko.transport: HostKey agreed: ssh-ed25519
DEB [20200402-14:44:27.075] thr=1   paramiko.transport: Cipher agreed: aes128-ctr
DEB [20200402-14:44:27.075] thr=1   paramiko.transport: MAC agreed: hmac-sha2-256
DEB [20200402-14:44:27.075] thr=1   paramiko.transport: Compression agreed: none
DEB [20200402-14:44:27.082] thr=1   paramiko.transport: kex engine KexCurve25519 specified hash_algo <built-in function openssl_sha256>
DEB [20200402-14:44:27.083] thr=1   paramiko.transport: Switch to new keys ...
DEB [20200402-14:44:27.121] thr=1   paramiko.transport: userauth is OK
INF [20200402-14:44:27.151] thr=1   paramiko.transport: Authentication (password) successful!
DEB [20200402-14:44:27.152] thr=2   paramiko.transport: [chan 0] Max packet in: 32768 bytes
DEB [20200402-14:44:27.153] thr=1   paramiko.transport: Received global request "hostkeys-00@openssh.com"
DEB [20200402-14:44:27.153] thr=1   paramiko.transport: Rejecting "hostkeys-00@openssh.com" global request from server.
DEB [20200402-14:44:27.193] thr=1   paramiko.transport: [chan 0] Max packet out: 32768 bytes
DEB [20200402-14:44:27.193] thr=1   paramiko.transport: Secsh channel 0 opened.
DEB [20200402-14:44:27.198] thr=1   paramiko.transport: [chan 0] Sesch channel 0 request ok
INF [20200402-14:44:27.416] thr=2   paramiko.transport.sftp: [chan 0] Opened sftp connection (server version 3)
DEB [20200402-14:44:27.417] thr=2   paramiko.transport.sftp: [chan 0] open(b'test.txt', 'wb')
DEB [20200402-14:44:27.418] thr=2   paramiko.transport.sftp: [chan 0] open(b'test.txt', 'wb') -> 00000000
DEB [20200402-14:44:27.418] thr=2   paramiko.transport.sftp: [chan 0] close(00000000)
DEB [20200402-14:44:27.419] thr=2   paramiko.transport.sftp: [chan 0] stat(b'test.txt')
INF [20200402-14:44:27.420] thr=2   paramiko.transport.sftp: [chan 0] sftp session closed.
DEB [20200402-14:44:27.420] thr=2   paramiko.transport: [chan 0] EOF sent (0)
DEB [20200402-14:44:27.422] thr=1   paramiko.transport: [chan 0] EOF received (0)
DEB [20200402-14:44:31.869] thr=2   paramiko.transport: [chan 1] Max packet in: 32768 bytes
DEB [20200402-14:44:31.870] thr=1   paramiko.transport: [chan 1] Max packet out: 32768 bytes
DEB [20200402-14:44:31.870] thr=1   paramiko.transport: Secsh channel 1 opened.
DEB [20200402-14:44:31.872] thr=1   paramiko.transport: [chan 1] Sesch channel 1 request ok
DEB [20200402-14:44:31.872] thr=2   paramiko.transport: [chan 1] EOF sent (1)
DEB [20200402-14:44:32.110] thr=1   paramiko.transport: [chan 1] EOF received (1)
DEB [20200402-14:53:24.510] thr=2   paramiko.transport: [chan 2] Max packet in: 32768 bytes
DEB [20200402-14:53:24.511] thr=1   paramiko.transport: [chan 2] Max packet out: 32768 bytes
DEB [20200402-14:53:24.511] thr=1   paramiko.transport: Secsh channel 2 opened.
DEB [20200402-14:53:24.517] thr=1   paramiko.transport: [chan 2] Sesch channel 2 request ok
DEB [20200402-14:53:24.517] thr=2   paramiko.transport: [chan 2] EOF sent (2)
DEB [20200402-14:53:24.518] thr=1   paramiko.transport: [chan 2] EOF received (2)
DEB [20200402-14:53:42.743] thr=2   paramiko.transport: [chan 3] Max packet in: 32768 bytes
DEB [20200402-14:53:42.744] thr=1   paramiko.transport: [chan 3] Max packet out: 32768 bytes
DEB [20200402-14:53:42.744] thr=1   paramiko.transport: Secsh channel 3 opened.
DEB [20200402-14:53:42.748] thr=1   paramiko.transport: [chan 3] Sesch channel 3 request ok
DEB [20200402-14:53:42.748] thr=2   paramiko.transport: [chan 3] EOF sent (3)
DEB [20200402-14:53:42.749] thr=1   paramiko.transport: [chan 3] EOF received (3)
DEB [20200402-14:53:48.248] thr=1   paramiko.transport: EOF in transport thread
DEB [20200402-14:55:00.413] thr=1   paramiko.transport: starting thread (client mode): 0xe0126be0
DEB [20200402-14:55:00.413] thr=1   paramiko.transport: Local version/idstring: SSH-2.0-paramiko_2.7.1
DEB [20200402-14:55:00.421] thr=1   paramiko.transport: Remote version/idstring: SSH-2.0-OpenSSH_7.4
INF [20200402-14:55:00.422] thr=1   paramiko.transport: Connected (version 2.0, client OpenSSH_7.4)
DEB [20200402-14:55:00.423] thr=1   paramiko.transport: kex algos:['curve25519-sha256', 'curve25519-sha256@libssh.org', 'ecdh-sha2-nistp256', 'ecdh-sha2-nistp384', 'ecdh-sha2-nistp521', 'diffie-hellman-group-exchange-sha256', 'diffie-hellman-group16-sha512', 'diffie-hellman-group18-sha512', 'diffie-hellman-group-exchange-sha1', 'diffie-hellman-group14-sha256', 'diffie-hellman-group14-sha1', 'diffie-hellman-group1-sha1'] server key:['ssh-rsa', 'rsa-sha2-512', 'rsa-sha2-256', 'ecdsa-sha2-nistp256', 'ssh-ed25519'] client encrypt:['chacha20-poly1305@openssh.com', 'aes128-ctr', 'aes192-ctr', 'aes256-ctr', 'aes128-gcm@openssh.com', 'aes256-gcm@openssh.com', 'aes128-cbc', 'aes192-cbc', 'aes256-cbc', 'blowfish-cbc', 'cast128-cbc', '3des-cbc'] server encrypt:['chacha20-poly1305@openssh.com', 'aes128-ctr', 'aes192-ctr', 'aes256-ctr', 'aes128-gcm@openssh.com', 'aes256-gcm@openssh.com', 'aes128-cbc', 'aes192-cbc', 'aes256-cbc', 'blowfish-cbc', 'cast128-cbc', '3des-cbc'] client mac:['umac-64-etm@openssh.com', 'umac-128-etm@openssh.com', 'hmac-sha2-256-etm@openssh.com', 'hmac-sha2-512-etm@openssh.com', 'hmac-sha1-etm@openssh.com', 'umac-64@openssh.com', 'umac-128@openssh.com', 'hmac-sha2-256', 'hmac-sha2-512', 'hmac-sha1'] server mac:['umac-64-etm@openssh.com', 'umac-128-etm@openssh.com', 'hmac-sha2-256-etm@openssh.com', 'hmac-sha2-512-etm@openssh.com', 'hmac-sha1-etm@openssh.com', 'umac-64@openssh.com', 'umac-128@openssh.com', 'hmac-sha2-256', 'hmac-sha2-512', 'hmac-sha1'] client compress:['none', 'zlib@openssh.com'] server compress:['none', 'zlib@openssh.com'] client lang:[''] server lang:[''] kex follows?False
DEB [20200402-14:55:00.423] thr=1   paramiko.transport: Kex agreed: curve25519-sha256@libssh.org
DEB [20200402-14:55:00.423] thr=1   paramiko.transport: HostKey agreed: ssh-ed25519
DEB [20200402-14:55:00.424] thr=1   paramiko.transport: Cipher agreed: aes128-ctr
DEB [20200402-14:55:00.424] thr=1   paramiko.transport: MAC agreed: hmac-sha2-256
DEB [20200402-14:55:00.424] thr=1   paramiko.transport: Compression agreed: none
DEB [20200402-14:55:00.431] thr=1   paramiko.transport: kex engine KexCurve25519 specified hash_algo <built-in function openssl_sha256>
DEB [20200402-14:55:00.431] thr=1   paramiko.transport: Switch to new keys ...
DEB [20200402-14:55:00.471] thr=1   paramiko.transport: userauth is OK
INF [20200402-14:55:00.507] thr=1   paramiko.transport: Authentication (password) successful!
DEB [20200402-14:55:00.547] thr=1   paramiko.transport: Received global request "hostkeys-00@openssh.com"
DEB [20200402-14:55:00.547] thr=1   paramiko.transport: Rejecting "hostkeys-00@openssh.com" global request from server.
DEB [20200402-14:55:03.058] thr=2   paramiko.transport: [chan 0] Max packet in: 32768 bytes
DEB [20200402-14:55:03.059] thr=1   paramiko.transport: [chan 0] Max packet out: 32768 bytes
DEB [20200402-14:55:03.059] thr=1   paramiko.transport: Secsh channel 0 opened.
DEB [20200402-14:55:03.061] thr=1   paramiko.transport: [chan 0] Sesch channel 0 request ok
DEB [20200402-14:55:03.061] thr=2   paramiko.transport: [chan 0] EOF sent (0)
DEB [20200402-14:55:03.264] thr=1   paramiko.transport: [chan 0] EOF received (0)
DEB [20200402-14:55:06.472] thr=1   paramiko.transport: EOF in transport thread
DEB [20200402-14:56:15.995] thr=1   paramiko.transport: starting thread (client mode): 0x35936be0
DEB [20200402-14:56:15.995] thr=1   paramiko.transport: Local version/idstring: SSH-2.0-paramiko_2.7.1
DEB [20200402-14:56:16.005] thr=1   paramiko.transport: Remote version/idstring: SSH-2.0-OpenSSH_7.4
INF [20200402-14:56:16.005] thr=1   paramiko.transport: Connected (version 2.0, client OpenSSH_7.4)
DEB [20200402-14:56:16.007] thr=1   paramiko.transport: kex algos:['curve25519-sha256', 'curve25519-sha256@libssh.org', 'ecdh-sha2-nistp256', 'ecdh-sha2-nistp384', 'ecdh-sha2-nistp521', 'diffie-hellman-group-exchange-sha256', 'diffie-hellman-group16-sha512', 'diffie-hellman-group18-sha512', 'diffie-hellman-group-exchange-sha1', 'diffie-hellman-group14-sha256', 'diffie-hellman-group14-sha1', 'diffie-hellman-group1-sha1'] server key:['ssh-rsa', 'rsa-sha2-512', 'rsa-sha2-256', 'ecdsa-sha2-nistp256', 'ssh-ed25519'] client encrypt:['chacha20-poly1305@openssh.com', 'aes128-ctr', 'aes192-ctr', 'aes256-ctr', 'aes128-gcm@openssh.com', 'aes256-gcm@openssh.com', 'aes128-cbc', 'aes192-cbc', 'aes256-cbc', 'blowfish-cbc', 'cast128-cbc', '3des-cbc'] server encrypt:['chacha20-poly1305@openssh.com', 'aes128-ctr', 'aes192-ctr', 'aes256-ctr', 'aes128-gcm@openssh.com', 'aes256-gcm@openssh.com', 'aes128-cbc', 'aes192-cbc', 'aes256-cbc', 'blowfish-cbc', 'cast128-cbc', '3des-cbc'] client mac:['umac-64-etm@openssh.com', 'umac-128-etm@openssh.com', 'hmac-sha2-256-etm@openssh.com', 'hmac-sha2-512-etm@openssh.com', 'hmac-sha1-etm@openssh.com', 'umac-64@openssh.com', 'umac-128@openssh.com', 'hmac-sha2-256', 'hmac-sha2-512', 'hmac-sha1'] server mac:['umac-64-etm@openssh.com', 'umac-128-etm@openssh.com', 'hmac-sha2-256-etm@openssh.com', 'hmac-sha2-512-etm@openssh.com', 'hmac-sha1-etm@openssh.com', 'umac-64@openssh.com', 'umac-128@openssh.com', 'hmac-sha2-256', 'hmac-sha2-512', 'hmac-sha1'] client compress:['none', 'zlib@openssh.com'] server compress:['none', 'zlib@openssh.com'] client lang:[''] server lang:[''] kex follows?False
DEB [20200402-14:56:16.007] thr=1   paramiko.transport: Kex agreed: curve25519-sha256@libssh.org
DEB [20200402-14:56:16.007] thr=1   paramiko.transport: HostKey agreed: ssh-ed25519
DEB [20200402-14:56:16.008] thr=1   paramiko.transport: Cipher agreed: aes128-ctr
DEB [20200402-14:56:16.008] thr=1   paramiko.transport: MAC agreed: hmac-sha2-256
DEB [20200402-14:56:16.008] thr=1   paramiko.transport: Compression agreed: none
DEB [20200402-14:56:16.017] thr=1   paramiko.transport: kex engine KexCurve25519 specified hash_algo <built-in function openssl_sha256>
DEB [20200402-14:56:16.019] thr=1   paramiko.transport: Switch to new keys ...
DEB [20200402-14:56:16.059] thr=1   paramiko.transport: userauth is OK
INF [20200402-14:56:16.088] thr=1   paramiko.transport: Authentication (password) successful!
DEB [20200402-14:56:16.129] thr=1   paramiko.transport: Received global request "hostkeys-00@openssh.com"
DEB [20200402-14:56:16.129] thr=1   paramiko.transport: Rejecting "hostkeys-00@openssh.com" global request from server.
DEB [20200402-14:56:16.161] thr=2   paramiko.transport: starting thread (client mode): 0x35d73220
DEB [20200402-14:56:16.161] thr=2   paramiko.transport: Local version/idstring: SSH-2.0-paramiko_2.7.1
DEB [20200402-14:56:16.200] thr=2   paramiko.transport: Remote version/idstring: SSH-2.0-OpenSSH_6.6.1
INF [20200402-14:56:16.200] thr=2   paramiko.transport: Connected (version 2.0, client OpenSSH_6.6.1)
DEB [20200402-14:56:16.236] thr=2   paramiko.transport: kex algos:['curve25519-sha256@libssh.org', 'ecdh-sha2-nistp256', 'ecdh-sha2-nistp384', 'ecdh-sha2-nistp521', 'diffie-hellman-group-exchange-sha256', 'diffie-hellman-group-exchange-sha1', 'diffie-hellman-group14-sha1', 'diffie-hellman-group1-sha1'] server key:['ssh-rsa', 'ecdsa-sha2-nistp256', 'ssh-ed25519'] client encrypt:['aes128-ctr', 'aes192-ctr', 'aes256-ctr', 'arcfour256', 'arcfour128', 'aes128-gcm@openssh.com', 'aes256-gcm@openssh.com', 'chacha20-poly1305@openssh.com', 'aes128-cbc', '3des-cbc', 'blowfish-cbc', 'cast128-cbc', 'aes192-cbc', 'aes256-cbc', 'arcfour', 'rijndael-cbc@lysator.liu.se'] server encrypt:['aes128-ctr', 'aes192-ctr', 'aes256-ctr', 'arcfour256', 'arcfour128', 'aes128-gcm@openssh.com', 'aes256-gcm@openssh.com', 'chacha20-poly1305@openssh.com', 'aes128-cbc', '3des-cbc', 'blowfish-cbc', 'cast128-cbc', 'aes192-cbc', 'aes256-cbc', 'arcfour', 'rijndael-cbc@lysator.liu.se'] client mac:['hmac-md5-etm@openssh.com', 'hmac-sha1-etm@openssh.com', 'umac-64-etm@openssh.com', 'umac-128-etm@openssh.com', 'hmac-sha2-256-etm@openssh.com', 'hmac-sha2-512-etm@openssh.com', 'hmac-ripemd160-etm@openssh.com', 'hmac-sha1-96-etm@openssh.com', 'hmac-md5-96-etm@openssh.com', 'hmac-md5', 'hmac-sha1', 'umac-64@openssh.com', 'umac-128@openssh.com', 'hmac-sha2-256', 'hmac-sha2-512', 'hmac-ripemd160', 'hmac-ripemd160@openssh.com', 'hmac-sha1-96', 'hmac-md5-96'] server mac:['hmac-md5-etm@openssh.com', 'hmac-sha1-etm@openssh.com', 'umac-64-etm@openssh.com', 'umac-128-etm@openssh.com', 'hmac-sha2-256-etm@openssh.com', 'hmac-sha2-512-etm@openssh.com', 'hmac-ripemd160-etm@openssh.com', 'hmac-sha1-96-etm@openssh.com', 'hmac-md5-96-etm@openssh.com', 'hmac-md5', 'hmac-sha1', 'umac-64@openssh.com', 'umac-128@openssh.com', 'hmac-sha2-256', 'hmac-sha2-512', 'hmac-ripemd160', 'hmac-ripemd160@openssh.com', 'hmac-sha1-96', 'hmac-md5-96'] client compress:['none', 'zlib@openssh.com'] server compress:['none', 'zlib@openssh.com'] client lang:[''] server lang:[''] kex follows?False
DEB [20200402-14:56:16.236] thr=2   paramiko.transport: Kex agreed: curve25519-sha256@libssh.org
DEB [20200402-14:56:16.237] thr=2   paramiko.transport: HostKey agreed: ssh-ed25519
DEB [20200402-14:56:16.237] thr=2   paramiko.transport: Cipher agreed: aes128-ctr
DEB [20200402-14:56:16.237] thr=2   paramiko.transport: MAC agreed: hmac-sha2-256
DEB [20200402-14:56:16.237] thr=2   paramiko.transport: Compression agreed: none
DEB [20200402-14:56:16.273] thr=2   paramiko.transport: kex engine KexCurve25519 specified hash_algo <built-in function openssl_sha256>
DEB [20200402-14:56:16.274] thr=2   paramiko.transport: Switch to new keys ...
DEB [20200402-14:56:16.375] thr=2   paramiko.transport: userauth is OK
INF [20200402-14:56:16.423] thr=2   paramiko.transport: Authentication (password) successful!
DEB [20200402-14:56:16.423] thr=3   paramiko.transport: [chan 0] Max packet in: 32768 bytes
DEB [20200402-14:56:16.456] thr=2   paramiko.transport: [chan 0] Max packet out: 32768 bytes
DEB [20200402-14:56:16.456] thr=2   paramiko.transport: Secsh channel 0 opened.
DEB [20200402-14:56:16.491] thr=2   paramiko.transport: [chan 0] Sesch channel 0 request ok
INF [20200402-14:56:17.015] thr=3   paramiko.transport.sftp: [chan 0] Opened sftp connection (server version 3)
DEB [20200402-14:56:17.017] thr=3   paramiko.transport.sftp: [chan 0] stat(b'test.txt')
DEB [20200402-14:56:52.868] thr=3   paramiko.transport: [chan 1] Max packet in: 32768 bytes
DEB [20200402-14:56:52.900] thr=2   paramiko.transport: [chan 1] Max packet out: 32768 bytes
DEB [20200402-14:56:52.900] thr=2   paramiko.transport: Secsh channel 1 opened.
DEB [20200402-14:56:52.932] thr=2   paramiko.transport: [chan 1] Sesch channel 1 request ok
DEB [20200402-14:56:52.932] thr=3   paramiko.transport: [chan 1] EOF sent (1)
DEB [20200402-14:56:53.400] thr=2   paramiko.transport: [chan 1] EOF received (1)
DEB [20200402-15:00:01.202] thr=3   paramiko.transport: [chan 2] Max packet in: 32768 bytes
DEB [20200402-15:00:01.249] thr=2   paramiko.transport: [chan 2] Max packet out: 32768 bytes
DEB [20200402-15:00:01.250] thr=2   paramiko.transport: Secsh channel 2 opened.
DEB [20200402-15:00:01.282] thr=2   paramiko.transport: [chan 2] Sesch channel 2 request ok
DEB [20200402-15:00:01.282] thr=3   paramiko.transport: [chan 2] EOF sent (2)
DEB [20200402-15:00:01.748] thr=2   paramiko.transport: [chan 2] EOF received (2)
DEB [20200402-15:00:04.018] thr=1   paramiko.transport: EOF in transport thread
DEB [20200402-15:00:04.018] thr=2   paramiko.transport: EOF in transport thread
DEB [20200402-15:00:15.568] thr=1   paramiko.transport: starting thread (client mode): 0x2c466be0
DEB [20200402-15:00:15.569] thr=1   paramiko.transport: Local version/idstring: SSH-2.0-paramiko_2.7.1
DEB [20200402-15:00:15.579] thr=1   paramiko.transport: Remote version/idstring: SSH-2.0-OpenSSH_7.4
INF [20200402-15:00:15.579] thr=1   paramiko.transport: Connected (version 2.0, client OpenSSH_7.4)
DEB [20200402-15:00:15.581] thr=1   paramiko.transport: kex algos:['curve25519-sha256', 'curve25519-sha256@libssh.org', 'ecdh-sha2-nistp256', 'ecdh-sha2-nistp384', 'ecdh-sha2-nistp521', 'diffie-hellman-group-exchange-sha256', 'diffie-hellman-group16-sha512', 'diffie-hellman-group18-sha512', 'diffie-hellman-group-exchange-sha1', 'diffie-hellman-group14-sha256', 'diffie-hellman-group14-sha1', 'diffie-hellman-group1-sha1'] server key:['ssh-rsa', 'rsa-sha2-512', 'rsa-sha2-256', 'ecdsa-sha2-nistp256', 'ssh-ed25519'] client encrypt:['chacha20-poly1305@openssh.com', 'aes128-ctr', 'aes192-ctr', 'aes256-ctr', 'aes128-gcm@openssh.com', 'aes256-gcm@openssh.com', 'aes128-cbc', 'aes192-cbc', 'aes256-cbc', 'blowfish-cbc', 'cast128-cbc', '3des-cbc'] server encrypt:['chacha20-poly1305@openssh.com', 'aes128-ctr', 'aes192-ctr', 'aes256-ctr', 'aes128-gcm@openssh.com', 'aes256-gcm@openssh.com', 'aes128-cbc', 'aes192-cbc', 'aes256-cbc', 'blowfish-cbc', 'cast128-cbc', '3des-cbc'] client mac:['umac-64-etm@openssh.com', 'umac-128-etm@openssh.com', 'hmac-sha2-256-etm@openssh.com', 'hmac-sha2-512-etm@openssh.com', 'hmac-sha1-etm@openssh.com', 'umac-64@openssh.com', 'umac-128@openssh.com', 'hmac-sha2-256', 'hmac-sha2-512', 'hmac-sha1'] server mac:['umac-64-etm@openssh.com', 'umac-128-etm@openssh.com', 'hmac-sha2-256-etm@openssh.com', 'hmac-sha2-512-etm@openssh.com', 'hmac-sha1-etm@openssh.com', 'umac-64@openssh.com', 'umac-128@openssh.com', 'hmac-sha2-256', 'hmac-sha2-512', 'hmac-sha1'] client compress:['none', 'zlib@openssh.com'] server compress:['none', 'zlib@openssh.com'] client lang:[''] server lang:[''] kex follows?False
DEB [20200402-15:00:15.581] thr=1   paramiko.transport: Kex agreed: curve25519-sha256@libssh.org
DEB [20200402-15:00:15.581] thr=1   paramiko.transport: HostKey agreed: ssh-ed25519
DEB [20200402-15:00:15.581] thr=1   paramiko.transport: Cipher agreed: aes128-ctr
DEB [20200402-15:00:15.581] thr=1   paramiko.transport: MAC agreed: hmac-sha2-256
DEB [20200402-15:00:15.582] thr=1   paramiko.transport: Compression agreed: none
DEB [20200402-15:00:15.590] thr=1   paramiko.transport: kex engine KexCurve25519 specified hash_algo <built-in function openssl_sha256>
DEB [20200402-15:00:15.591] thr=1   paramiko.transport: Switch to new keys ...
DEB [20200402-15:00:15.629] thr=1   paramiko.transport: userauth is OK
INF [20200402-15:00:15.662] thr=1   paramiko.transport: Authentication (password) successful!
DEB [20200402-15:00:15.670] thr=2   paramiko.transport: [chan 0] Max packet in: 32768 bytes
DEB [20200402-15:00:15.671] thr=1   paramiko.transport: Received global request "hostkeys-00@openssh.com"
DEB [20200402-15:00:15.671] thr=1   paramiko.transport: Rejecting "hostkeys-00@openssh.com" global request from server.
DEB [20200402-15:00:15.712] thr=1   paramiko.transport: [chan 0] Max packet out: 32768 bytes
DEB [20200402-15:00:15.712] thr=1   paramiko.transport: Secsh channel 0 opened.
DEB [20200402-15:00:15.718] thr=1   paramiko.transport: [chan 0] Sesch channel 0 request ok
INF [20200402-15:00:15.954] thr=2   paramiko.transport.sftp: [chan 0] Opened sftp connection (server version 3)
DEB [20200402-15:00:15.955] thr=2   paramiko.transport.sftp: [chan 0] open(b'test-u.txt', 'wb')
DEB [20200402-15:00:15.956] thr=2   paramiko.transport.sftp: [chan 0] open(b'test-u.txt', 'wb') -> 00000000
DEB [20200402-15:00:15.956] thr=2   paramiko.transport.sftp: [chan 0] close(00000000)
DEB [20200402-15:00:15.957] thr=2   paramiko.transport.sftp: [chan 0] stat(b'test-u.txt')
INF [20200402-15:00:15.958] thr=2   paramiko.transport.sftp: [chan 0] sftp session closed.
DEB [20200402-15:00:15.958] thr=2   paramiko.transport: [chan 0] EOF sent (0)
DEB [20200402-15:00:15.959] thr=1   paramiko.transport: [chan 0] EOF received (0)
DEB [20200402-15:00:18.048] thr=2   paramiko.transport: [chan 1] Max packet in: 32768 bytes
DEB [20200402-15:00:18.049] thr=1   paramiko.transport: [chan 1] Max packet out: 32768 bytes
DEB [20200402-15:00:18.049] thr=1   paramiko.transport: Secsh channel 1 opened.
DEB [20200402-15:00:18.053] thr=1   paramiko.transport: [chan 1] Sesch channel 1 request ok
DEB [20200402-15:00:18.053] thr=2   paramiko.transport: [chan 1] EOF sent (1)
DEB [20200402-15:00:18.285] thr=1   paramiko.transport: [chan 1] EOF received (1)
DEB [20200402-15:04:57.989] thr=2   paramiko.transport: [chan 2] Max packet in: 32768 bytes
DEB [20200402-15:04:57.990] thr=1   paramiko.transport: [chan 2] Max packet out: 32768 bytes
DEB [20200402-15:04:57.991] thr=1   paramiko.transport: Secsh channel 2 opened.
DEB [20200402-15:04:57.993] thr=1   paramiko.transport: [chan 2] Sesch channel 2 request ok
DEB [20200402-15:04:57.993] thr=2   paramiko.transport: [chan 2] EOF sent (2)
DEB [20200402-15:04:58.203] thr=1   paramiko.transport: [chan 2] EOF received (2)
DEB [20200402-15:05:05.177] thr=2   paramiko.transport: [chan 3] Max packet in: 32768 bytes
DEB [20200402-15:05:05.178] thr=1   paramiko.transport: [chan 3] Max packet out: 32768 bytes
DEB [20200402-15:05:05.179] thr=1   paramiko.transport: Secsh channel 3 opened.
DEB [20200402-15:05:05.182] thr=1   paramiko.transport: [chan 3] Sesch channel 3 request ok
DEB [20200402-15:05:05.182] thr=2   paramiko.transport: [chan 3] EOF sent (3)
DEB [20200402-15:05:05.419] thr=1   paramiko.transport: [chan 3] EOF received (3)
DEB [20200402-15:05:14.525] thr=2   paramiko.transport: [chan 4] Max packet in: 32768 bytes
DEB [20200402-15:05:14.526] thr=1   paramiko.transport: [chan 4] Max packet out: 32768 bytes
DEB [20200402-15:05:14.526] thr=1   paramiko.transport: Secsh channel 4 opened.
DEB [20200402-15:05:14.532] thr=1   paramiko.transport: [chan 4] Sesch channel 4 request ok
DEB [20200402-15:05:14.532] thr=2   paramiko.transport: [chan 4] EOF sent (4)
DEB [20200402-15:05:14.748] thr=1   paramiko.transport: [chan 4] EOF received (4)
DEB [20200402-15:05:28.941] thr=2   paramiko.transport: [chan 5] Max packet in: 32768 bytes
DEB [20200402-15:05:28.942] thr=1   paramiko.transport: [chan 5] Max packet out: 32768 bytes
DEB [20200402-15:05:28.942] thr=1   paramiko.transport: Secsh channel 5 opened.
DEB [20200402-15:05:28.944] thr=1   paramiko.transport: [chan 5] Sesch channel 5 request ok
DEB [20200402-15:05:28.944] thr=2   paramiko.transport: [chan 5] EOF sent (5)
DEB [20200402-15:05:29.176] thr=1   paramiko.transport: [chan 5] EOF received (5)
DEB [20200402-15:05:37.032] thr=1   paramiko.transport: EOF in transport thread
DEB [20200402-15:37:52.603] thr=1   paramiko.transport: starting thread (client mode): 0xa9e06be0
DEB [20200402-15:37:52.604] thr=1   paramiko.transport: Local version/idstring: SSH-2.0-paramiko_2.7.1
DEB [20200402-15:37:52.614] thr=1   paramiko.transport: Remote version/idstring: SSH-2.0-OpenSSH_7.4
INF [20200402-15:37:52.614] thr=1   paramiko.transport: Connected (version 2.0, client OpenSSH_7.4)
DEB [20200402-15:37:52.616] thr=1   paramiko.transport: kex algos:['curve25519-sha256', 'curve25519-sha256@libssh.org', 'ecdh-sha2-nistp256', 'ecdh-sha2-nistp384', 'ecdh-sha2-nistp521', 'diffie-hellman-group-exchange-sha256', 'diffie-hellman-group16-sha512', 'diffie-hellman-group18-sha512', 'diffie-hellman-group-exchange-sha1', 'diffie-hellman-group14-sha256', 'diffie-hellman-group14-sha1', 'diffie-hellman-group1-sha1'] server key:['ssh-rsa', 'rsa-sha2-512', 'rsa-sha2-256', 'ecdsa-sha2-nistp256', 'ssh-ed25519'] client encrypt:['chacha20-poly1305@openssh.com', 'aes128-ctr', 'aes192-ctr', 'aes256-ctr', 'aes128-gcm@openssh.com', 'aes256-gcm@openssh.com', 'aes128-cbc', 'aes192-cbc', 'aes256-cbc', 'blowfish-cbc', 'cast128-cbc', '3des-cbc'] server encrypt:['chacha20-poly1305@openssh.com', 'aes128-ctr', 'aes192-ctr', 'aes256-ctr', 'aes128-gcm@openssh.com', 'aes256-gcm@openssh.com', 'aes128-cbc', 'aes192-cbc', 'aes256-cbc', 'blowfish-cbc', 'cast128-cbc', '3des-cbc'] client mac:['umac-64-etm@openssh.com', 'umac-128-etm@openssh.com', 'hmac-sha2-256-etm@openssh.com', 'hmac-sha2-512-etm@openssh.com', 'hmac-sha1-etm@openssh.com', 'umac-64@openssh.com', 'umac-128@openssh.com', 'hmac-sha2-256', 'hmac-sha2-512', 'hmac-sha1'] server mac:['umac-64-etm@openssh.com', 'umac-128-etm@openssh.com', 'hmac-sha2-256-etm@openssh.com', 'hmac-sha2-512-etm@openssh.com', 'hmac-sha1-etm@openssh.com', 'umac-64@openssh.com', 'umac-128@openssh.com', 'hmac-sha2-256', 'hmac-sha2-512', 'hmac-sha1'] client compress:['none', 'zlib@openssh.com'] server compress:['none', 'zlib@openssh.com'] client lang:[''] server lang:[''] kex follows?False
DEB [20200402-15:37:52.616] thr=1   paramiko.transport: Kex agreed: curve25519-sha256@libssh.org
DEB [20200402-15:37:52.616] thr=1   paramiko.transport: HostKey agreed: ssh-ed25519
DEB [20200402-15:37:52.616] thr=1   paramiko.transport: Cipher agreed: aes128-ctr
DEB [20200402-15:37:52.616] thr=1   paramiko.transport: MAC agreed: hmac-sha2-256
DEB [20200402-15:37:52.616] thr=1   paramiko.transport: Compression agreed: none
DEB [20200402-15:37:52.624] thr=1   paramiko.transport: kex engine KexCurve25519 specified hash_algo <built-in function openssl_sha256>
DEB [20200402-15:37:52.624] thr=1   paramiko.transport: Switch to new keys ...
DEB [20200402-15:37:52.662] thr=1   paramiko.transport: userauth is OK
INF [20200402-15:37:52.706] thr=1   paramiko.transport: Authentication (password) successful!
DEB [20200402-15:37:52.714] thr=1   paramiko.transport: EOF in transport thread
DEB [20200402-15:41:51.649] thr=1   paramiko.transport: starting thread (client mode): 0x3fbd6be0
DEB [20200402-15:41:51.650] thr=1   paramiko.transport: Local version/idstring: SSH-2.0-paramiko_2.7.1
DEB [20200402-15:41:51.660] thr=1   paramiko.transport: Remote version/idstring: SSH-2.0-OpenSSH_7.4
INF [20200402-15:41:51.660] thr=1   paramiko.transport: Connected (version 2.0, client OpenSSH_7.4)
DEB [20200402-15:41:51.682] thr=1   paramiko.transport: kex algos:['curve25519-sha256', 'curve25519-sha256@libssh.org', 'ecdh-sha2-nistp256', 'ecdh-sha2-nistp384', 'ecdh-sha2-nistp521', 'diffie-hellman-group-exchange-sha256', 'diffie-hellman-group16-sha512', 'diffie-hellman-group18-sha512', 'diffie-hellman-group-exchange-sha1', 'diffie-hellman-group14-sha256', 'diffie-hellman-group14-sha1', 'diffie-hellman-group1-sha1'] server key:['ssh-rsa', 'rsa-sha2-512', 'rsa-sha2-256', 'ecdsa-sha2-nistp256', 'ssh-ed25519'] client encrypt:['chacha20-poly1305@openssh.com', 'aes128-ctr', 'aes192-ctr', 'aes256-ctr', 'aes128-gcm@openssh.com', 'aes256-gcm@openssh.com', 'aes128-cbc', 'aes192-cbc', 'aes256-cbc', 'blowfish-cbc', 'cast128-cbc', '3des-cbc'] server encrypt:['chacha20-poly1305@openssh.com', 'aes128-ctr', 'aes192-ctr', 'aes256-ctr', 'aes128-gcm@openssh.com', 'aes256-gcm@openssh.com', 'aes128-cbc', 'aes192-cbc', 'aes256-cbc', 'blowfish-cbc', 'cast128-cbc', '3des-cbc'] client mac:['umac-64-etm@openssh.com', 'umac-128-etm@openssh.com', 'hmac-sha2-256-etm@openssh.com', 'hmac-sha2-512-etm@openssh.com', 'hmac-sha1-etm@openssh.com', 'umac-64@openssh.com', 'umac-128@openssh.com', 'hmac-sha2-256', 'hmac-sha2-512', 'hmac-sha1'] server mac:['umac-64-etm@openssh.com', 'umac-128-etm@openssh.com', 'hmac-sha2-256-etm@openssh.com', 'hmac-sha2-512-etm@openssh.com', 'hmac-sha1-etm@openssh.com', 'umac-64@openssh.com', 'umac-128@openssh.com', 'hmac-sha2-256', 'hmac-sha2-512', 'hmac-sha1'] client compress:['none', 'zlib@openssh.com'] server compress:['none', 'zlib@openssh.com'] client lang:[''] server lang:[''] kex follows?False
DEB [20200402-15:41:51.682] thr=1   paramiko.transport: Kex agreed: curve25519-sha256@libssh.org
DEB [20200402-15:41:51.682] thr=1   paramiko.transport: HostKey agreed: ssh-ed25519
DEB [20200402-15:41:51.682] thr=1   paramiko.transport: Cipher agreed: aes128-ctr
DEB [20200402-15:41:51.682] thr=1   paramiko.transport: MAC agreed: hmac-sha2-256
DEB [20200402-15:41:51.682] thr=1   paramiko.transport: Compression agreed: none
DEB [20200402-15:41:51.694] thr=1   paramiko.transport: kex engine KexCurve25519 specified hash_algo <built-in function openssl_sha256>
DEB [20200402-15:41:51.694] thr=1   paramiko.transport: Switch to new keys ...
DEB [20200402-15:41:51.741] thr=1   paramiko.transport: userauth is OK
INF [20200402-15:41:51.768] thr=1   paramiko.transport: Authentication (password) successful!
DEB [20200402-15:41:51.808] thr=1   paramiko.transport: Received global request "hostkeys-00@openssh.com"
DEB [20200402-15:41:51.809] thr=1   paramiko.transport: Rejecting "hostkeys-00@openssh.com" global request from server.
DEB [20200402-15:41:57.821] thr=2   paramiko.transport: starting thread (client mode): 0x3fc85820
DEB [20200402-15:41:57.821] thr=2   paramiko.transport: Local version/idstring: SSH-2.0-paramiko_2.7.1
DEB [20200402-15:41:57.833] thr=2   paramiko.transport: Remote version/idstring: SSH-2.0-OpenSSH_7.4
INF [20200402-15:41:57.833] thr=2   paramiko.transport: Connected (version 2.0, client OpenSSH_7.4)
DEB [20200402-15:41:57.836] thr=2   paramiko.transport: kex algos:['curve25519-sha256', 'curve25519-sha256@libssh.org', 'ecdh-sha2-nistp256', 'ecdh-sha2-nistp384', 'ecdh-sha2-nistp521', 'diffie-hellman-group-exchange-sha256', 'diffie-hellman-group16-sha512', 'diffie-hellman-group18-sha512', 'diffie-hellman-group-exchange-sha1', 'diffie-hellman-group14-sha256', 'diffie-hellman-group14-sha1', 'diffie-hellman-group1-sha1'] server key:['ssh-rsa', 'rsa-sha2-512', 'rsa-sha2-256', 'ecdsa-sha2-nistp256', 'ssh-ed25519'] client encrypt:['chacha20-poly1305@openssh.com', 'aes128-ctr', 'aes192-ctr', 'aes256-ctr', 'aes128-gcm@openssh.com', 'aes256-gcm@openssh.com', 'aes128-cbc', 'aes192-cbc', 'aes256-cbc', 'blowfish-cbc', 'cast128-cbc', '3des-cbc'] server encrypt:['chacha20-poly1305@openssh.com', 'aes128-ctr', 'aes192-ctr', 'aes256-ctr', 'aes128-gcm@openssh.com', 'aes256-gcm@openssh.com', 'aes128-cbc', 'aes192-cbc', 'aes256-cbc', 'blowfish-cbc', 'cast128-cbc', '3des-cbc'] client mac:['umac-64-etm@openssh.com', 'umac-128-etm@openssh.com', 'hmac-sha2-256-etm@openssh.com', 'hmac-sha2-512-etm@openssh.com', 'hmac-sha1-etm@openssh.com', 'umac-64@openssh.com', 'umac-128@openssh.com', 'hmac-sha2-256', 'hmac-sha2-512', 'hmac-sha1'] server mac:['umac-64-etm@openssh.com', 'umac-128-etm@openssh.com', 'hmac-sha2-256-etm@openssh.com', 'hmac-sha2-512-etm@openssh.com', 'hmac-sha1-etm@openssh.com', 'umac-64@openssh.com', 'umac-128@openssh.com', 'hmac-sha2-256', 'hmac-sha2-512', 'hmac-sha1'] client compress:['none', 'zlib@openssh.com'] server compress:['none', 'zlib@openssh.com'] client lang:[''] server lang:[''] kex follows?False
DEB [20200402-15:41:57.836] thr=2   paramiko.transport: Kex agreed: curve25519-sha256@libssh.org
DEB [20200402-15:41:57.836] thr=2   paramiko.transport: HostKey agreed: ssh-ed25519
DEB [20200402-15:41:57.836] thr=2   paramiko.transport: Cipher agreed: aes128-ctr
DEB [20200402-15:41:57.836] thr=2   paramiko.transport: MAC agreed: hmac-sha2-256
DEB [20200402-15:41:57.836] thr=2   paramiko.transport: Compression agreed: none
DEB [20200402-15:41:57.848] thr=2   paramiko.transport: kex engine KexCurve25519 specified hash_algo <built-in function openssl_sha256>
DEB [20200402-15:41:57.849] thr=2   paramiko.transport: Switch to new keys ...
DEB [20200402-15:41:57.887] thr=2   paramiko.transport: userauth is OK
INF [20200402-15:41:57.918] thr=2   paramiko.transport: Authentication (password) successful!
DEB [20200402-15:41:57.958] thr=2   paramiko.transport: Received global request "hostkeys-00@openssh.com"
DEB [20200402-15:41:57.959] thr=2   paramiko.transport: Rejecting "hostkeys-00@openssh.com" global request from server.
DEB [20200402-15:42:07.183] thr=3   paramiko.transport: [chan 0] Max packet in: 32768 bytes
DEB [20200402-15:42:07.184] thr=2   paramiko.transport: [chan 0] Max packet out: 32768 bytes
DEB [20200402-15:42:07.184] thr=2   paramiko.transport: Secsh channel 0 opened.
DEB [20200402-15:42:07.188] thr=2   paramiko.transport: [chan 0] Sesch channel 0 request ok
DEB [20200402-15:42:07.188] thr=3   paramiko.transport: [chan 0] EOF sent (0)
DEB [20200402-15:42:07.189] thr=2   paramiko.transport: [chan 0] EOF received (0)
DEB [20200402-15:42:09.243] thr=3   paramiko.transport: [chan 1] Max packet in: 32768 bytes
DEB [20200402-15:42:09.244] thr=2   paramiko.transport: [chan 1] Max packet out: 32768 bytes
DEB [20200402-15:42:09.245] thr=2   paramiko.transport: Secsh channel 1 opened.
DEB [20200402-15:42:09.247] thr=2   paramiko.transport: [chan 1] Sesch channel 1 request ok
DEB [20200402-15:42:09.248] thr=3   paramiko.transport: [chan 1] EOF sent (1)
DEB [20200402-15:42:09.463] thr=2   paramiko.transport: [chan 1] EOF received (1)
DEB [20200402-15:47:41.373] thr=1   paramiko.transport: EOF in transport thread
DEB [20200402-15:47:41.373] thr=2   paramiko.transport: EOF in transport thread
DEB [20200402-15:47:45.453] thr=1   paramiko.transport: starting thread (client mode): 0x56d46be0
DEB [20200402-15:47:45.454] thr=1   paramiko.transport: Local version/idstring: SSH-2.0-paramiko_2.7.1
DEB [20200402-15:47:45.463] thr=1   paramiko.transport: Remote version/idstring: SSH-2.0-OpenSSH_7.4
INF [20200402-15:47:45.463] thr=1   paramiko.transport: Connected (version 2.0, client OpenSSH_7.4)
DEB [20200402-15:47:45.465] thr=1   paramiko.transport: kex algos:['curve25519-sha256', 'curve25519-sha256@libssh.org', 'ecdh-sha2-nistp256', 'ecdh-sha2-nistp384', 'ecdh-sha2-nistp521', 'diffie-hellman-group-exchange-sha256', 'diffie-hellman-group16-sha512', 'diffie-hellman-group18-sha512', 'diffie-hellman-group-exchange-sha1', 'diffie-hellman-group14-sha256', 'diffie-hellman-group14-sha1', 'diffie-hellman-group1-sha1'] server key:['ssh-rsa', 'rsa-sha2-512', 'rsa-sha2-256', 'ecdsa-sha2-nistp256', 'ssh-ed25519'] client encrypt:['chacha20-poly1305@openssh.com', 'aes128-ctr', 'aes192-ctr', 'aes256-ctr', 'aes128-gcm@openssh.com', 'aes256-gcm@openssh.com', 'aes128-cbc', 'aes192-cbc', 'aes256-cbc', 'blowfish-cbc', 'cast128-cbc', '3des-cbc'] server encrypt:['chacha20-poly1305@openssh.com', 'aes128-ctr', 'aes192-ctr', 'aes256-ctr', 'aes128-gcm@openssh.com', 'aes256-gcm@openssh.com', 'aes128-cbc', 'aes192-cbc', 'aes256-cbc', 'blowfish-cbc', 'cast128-cbc', '3des-cbc'] client mac:['umac-64-etm@openssh.com', 'umac-128-etm@openssh.com', 'hmac-sha2-256-etm@openssh.com', 'hmac-sha2-512-etm@openssh.com', 'hmac-sha1-etm@openssh.com', 'umac-64@openssh.com', 'umac-128@openssh.com', 'hmac-sha2-256', 'hmac-sha2-512', 'hmac-sha1'] server mac:['umac-64-etm@openssh.com', 'umac-128-etm@openssh.com', 'hmac-sha2-256-etm@openssh.com', 'hmac-sha2-512-etm@openssh.com', 'hmac-sha1-etm@openssh.com', 'umac-64@openssh.com', 'umac-128@openssh.com', 'hmac-sha2-256', 'hmac-sha2-512', 'hmac-sha1'] client compress:['none', 'zlib@openssh.com'] server compress:['none', 'zlib@openssh.com'] client lang:[''] server lang:[''] kex follows?False
DEB [20200402-15:47:45.465] thr=1   paramiko.transport: Kex agreed: curve25519-sha256@libssh.org
DEB [20200402-15:47:45.465] thr=1   paramiko.transport: HostKey agreed: ssh-ed25519
DEB [20200402-15:47:45.465] thr=1   paramiko.transport: Cipher agreed: aes128-ctr
DEB [20200402-15:47:45.465] thr=1   paramiko.transport: MAC agreed: hmac-sha2-256
DEB [20200402-15:47:45.465] thr=1   paramiko.transport: Compression agreed: none
DEB [20200402-15:47:45.473] thr=1   paramiko.transport: kex engine KexCurve25519 specified hash_algo <built-in function openssl_sha256>
DEB [20200402-15:47:45.474] thr=1   paramiko.transport: Switch to new keys ...
DEB [20200402-15:47:45.511] thr=1   paramiko.transport: userauth is OK
INF [20200402-15:47:45.541] thr=1   paramiko.transport: Authentication (password) successful!
DEB [20200402-15:47:45.582] thr=1   paramiko.transport: Received global request "hostkeys-00@openssh.com"
DEB [20200402-15:47:45.582] thr=1   paramiko.transport: Rejecting "hostkeys-00@openssh.com" global request from server.
DEB [20200402-15:48:02.445] thr=2   paramiko.transport: starting thread (client mode): 0x571f5820
DEB [20200402-15:48:02.446] thr=2   paramiko.transport: Local version/idstring: SSH-2.0-paramiko_2.7.1
DEB [20200402-15:48:02.457] thr=2   paramiko.transport: Remote version/idstring: SSH-2.0-OpenSSH_7.4
INF [20200402-15:48:02.457] thr=2   paramiko.transport: Connected (version 2.0, client OpenSSH_7.4)
DEB [20200402-15:48:02.459] thr=2   paramiko.transport: kex algos:['curve25519-sha256', 'curve25519-sha256@libssh.org', 'ecdh-sha2-nistp256', 'ecdh-sha2-nistp384', 'ecdh-sha2-nistp521', 'diffie-hellman-group-exchange-sha256', 'diffie-hellman-group16-sha512', 'diffie-hellman-group18-sha512', 'diffie-hellman-group-exchange-sha1', 'diffie-hellman-group14-sha256', 'diffie-hellman-group14-sha1', 'diffie-hellman-group1-sha1'] server key:['ssh-rsa', 'rsa-sha2-512', 'rsa-sha2-256', 'ecdsa-sha2-nistp256', 'ssh-ed25519'] client encrypt:['chacha20-poly1305@openssh.com', 'aes128-ctr', 'aes192-ctr', 'aes256-ctr', 'aes128-gcm@openssh.com', 'aes256-gcm@openssh.com', 'aes128-cbc', 'aes192-cbc', 'aes256-cbc', 'blowfish-cbc', 'cast128-cbc', '3des-cbc'] server encrypt:['chacha20-poly1305@openssh.com', 'aes128-ctr', 'aes192-ctr', 'aes256-ctr', 'aes128-gcm@openssh.com', 'aes256-gcm@openssh.com', 'aes128-cbc', 'aes192-cbc', 'aes256-cbc', 'blowfish-cbc', 'cast128-cbc', '3des-cbc'] client mac:['umac-64-etm@openssh.com', 'umac-128-etm@openssh.com', 'hmac-sha2-256-etm@openssh.com', 'hmac-sha2-512-etm@openssh.com', 'hmac-sha1-etm@openssh.com', 'umac-64@openssh.com', 'umac-128@openssh.com', 'hmac-sha2-256', 'hmac-sha2-512', 'hmac-sha1'] server mac:['umac-64-etm@openssh.com', 'umac-128-etm@openssh.com', 'hmac-sha2-256-etm@openssh.com', 'hmac-sha2-512-etm@openssh.com', 'hmac-sha1-etm@openssh.com', 'umac-64@openssh.com', 'umac-128@openssh.com', 'hmac-sha2-256', 'hmac-sha2-512', 'hmac-sha1'] client compress:['none', 'zlib@openssh.com'] server compress:['none', 'zlib@openssh.com'] client lang:[''] server lang:[''] kex follows?False
DEB [20200402-15:48:02.459] thr=2   paramiko.transport: Kex agreed: curve25519-sha256@libssh.org
DEB [20200402-15:48:02.459] thr=2   paramiko.transport: HostKey agreed: ssh-ed25519
DEB [20200402-15:48:02.459] thr=2   paramiko.transport: Cipher agreed: aes128-ctr
DEB [20200402-15:48:02.459] thr=2   paramiko.transport: MAC agreed: hmac-sha2-256
DEB [20200402-15:48:02.460] thr=2   paramiko.transport: Compression agreed: none
DEB [20200402-15:48:02.468] thr=2   paramiko.transport: kex engine KexCurve25519 specified hash_algo <built-in function openssl_sha256>
DEB [20200402-15:48:02.469] thr=2   paramiko.transport: Switch to new keys ...
DEB [20200402-15:48:02.506] thr=2   paramiko.transport: userauth is OK
INF [20200402-15:48:02.632] thr=2   paramiko.transport: Authentication (password) successful!
DEB [20200402-15:48:02.672] thr=2   paramiko.transport: Received global request "hostkeys-00@openssh.com"
DEB [20200402-15:48:02.672] thr=2   paramiko.transport: Rejecting "hostkeys-00@openssh.com" global request from server.
DEB [20200402-15:48:06.675] thr=1   paramiko.transport: EOF in transport thread
DEB [20200402-15:48:06.675] thr=2   paramiko.transport: EOF in transport thread
DEB [20200402-16:59:12.120] thr=1   paramiko.transport: starting thread (client mode): 0xf63f1a30
DEB [20200402-16:59:12.121] thr=1   paramiko.transport: Local version/idstring: SSH-2.0-paramiko_2.7.1
DEB [20200402-16:59:12.127] thr=1   paramiko.transport: Remote version/idstring: SSH-2.0-OpenSSH_7.4
INF [20200402-16:59:12.128] thr=1   paramiko.transport: Connected (version 2.0, client OpenSSH_7.4)
DEB [20200402-16:59:12.130] thr=1   paramiko.transport: kex algos:['curve25519-sha256', 'curve25519-sha256@libssh.org', 'ecdh-sha2-nistp256', 'ecdh-sha2-nistp384', 'ecdh-sha2-nistp521', 'diffie-hellman-group-exchange-sha256', 'diffie-hellman-group16-sha512', 'diffie-hellman-group18-sha512', 'diffie-hellman-group-exchange-sha1', 'diffie-hellman-group14-sha256', 'diffie-hellman-group14-sha1', 'diffie-hellman-group1-sha1'] server key:['ssh-rsa', 'rsa-sha2-512', 'rsa-sha2-256', 'ecdsa-sha2-nistp256', 'ssh-ed25519'] client encrypt:['chacha20-poly1305@openssh.com', 'aes128-ctr', 'aes192-ctr', 'aes256-ctr', 'aes128-gcm@openssh.com', 'aes256-gcm@openssh.com', 'aes128-cbc', 'aes192-cbc', 'aes256-cbc', 'blowfish-cbc', 'cast128-cbc', '3des-cbc'] server encrypt:['chacha20-poly1305@openssh.com', 'aes128-ctr', 'aes192-ctr', 'aes256-ctr', 'aes128-gcm@openssh.com', 'aes256-gcm@openssh.com', 'aes128-cbc', 'aes192-cbc', 'aes256-cbc', 'blowfish-cbc', 'cast128-cbc', '3des-cbc'] client mac:['umac-64-etm@openssh.com', 'umac-128-etm@openssh.com', 'hmac-sha2-256-etm@openssh.com', 'hmac-sha2-512-etm@openssh.com', 'hmac-sha1-etm@openssh.com', 'umac-64@openssh.com', 'umac-128@openssh.com', 'hmac-sha2-256', 'hmac-sha2-512', 'hmac-sha1'] server mac:['umac-64-etm@openssh.com', 'umac-128-etm@openssh.com', 'hmac-sha2-256-etm@openssh.com', 'hmac-sha2-512-etm@openssh.com', 'hmac-sha1-etm@openssh.com', 'umac-64@openssh.com', 'umac-128@openssh.com', 'hmac-sha2-256', 'hmac-sha2-512', 'hmac-sha1'] client compress:['none', 'zlib@openssh.com'] server compress:['none', 'zlib@openssh.com'] client lang:[''] server lang:[''] kex follows?False
DEB [20200402-16:59:12.141] thr=1   paramiko.transport: Kex agreed: curve25519-sha256@libssh.org
DEB [20200402-16:59:12.141] thr=1   paramiko.transport: HostKey agreed: ssh-ed25519
DEB [20200402-16:59:12.141] thr=1   paramiko.transport: Cipher agreed: aes128-ctr
DEB [20200402-16:59:12.141] thr=1   paramiko.transport: MAC agreed: hmac-sha2-256
DEB [20200402-16:59:12.141] thr=1   paramiko.transport: Compression agreed: none
DEB [20200402-16:59:12.149] thr=1   paramiko.transport: kex engine KexCurve25519 specified hash_algo <built-in function openssl_sha256>
DEB [20200402-16:59:12.150] thr=1   paramiko.transport: Switch to new keys ...
DEB [20200402-16:59:12.190] thr=1   paramiko.transport: userauth is OK
INF [20200402-16:59:12.224] thr=1   paramiko.transport: Authentication (password) successful!
DEB [20200402-16:59:12.232] thr=1   paramiko.transport: EOF in transport thread
DEB [20200402-16:59:23.596] thr=1   paramiko.transport: starting thread (client mode): 0xdf956ac0
DEB [20200402-16:59:23.598] thr=1   paramiko.transport: Local version/idstring: SSH-2.0-paramiko_2.7.1
DEB [20200402-16:59:23.606] thr=1   paramiko.transport: Remote version/idstring: SSH-2.0-OpenSSH_7.4
INF [20200402-16:59:23.606] thr=1   paramiko.transport: Connected (version 2.0, client OpenSSH_7.4)
DEB [20200402-16:59:23.608] thr=1   paramiko.transport: kex algos:['curve25519-sha256', 'curve25519-sha256@libssh.org', 'ecdh-sha2-nistp256', 'ecdh-sha2-nistp384', 'ecdh-sha2-nistp521', 'diffie-hellman-group-exchange-sha256', 'diffie-hellman-group16-sha512', 'diffie-hellman-group18-sha512', 'diffie-hellman-group-exchange-sha1', 'diffie-hellman-group14-sha256', 'diffie-hellman-group14-sha1', 'diffie-hellman-group1-sha1'] server key:['ssh-rsa', 'rsa-sha2-512', 'rsa-sha2-256', 'ecdsa-sha2-nistp256', 'ssh-ed25519'] client encrypt:['chacha20-poly1305@openssh.com', 'aes128-ctr', 'aes192-ctr', 'aes256-ctr', 'aes128-gcm@openssh.com', 'aes256-gcm@openssh.com', 'aes128-cbc', 'aes192-cbc', 'aes256-cbc', 'blowfish-cbc', 'cast128-cbc', '3des-cbc'] server encrypt:['chacha20-poly1305@openssh.com', 'aes128-ctr', 'aes192-ctr', 'aes256-ctr', 'aes128-gcm@openssh.com', 'aes256-gcm@openssh.com', 'aes128-cbc', 'aes192-cbc', 'aes256-cbc', 'blowfish-cbc', 'cast128-cbc', '3des-cbc'] client mac:['umac-64-etm@openssh.com', 'umac-128-etm@openssh.com', 'hmac-sha2-256-etm@openssh.com', 'hmac-sha2-512-etm@openssh.com', 'hmac-sha1-etm@openssh.com', 'umac-64@openssh.com', 'umac-128@openssh.com', 'hmac-sha2-256', 'hmac-sha2-512', 'hmac-sha1'] server mac:['umac-64-etm@openssh.com', 'umac-128-etm@openssh.com', 'hmac-sha2-256-etm@openssh.com', 'hmac-sha2-512-etm@openssh.com', 'hmac-sha1-etm@openssh.com', 'umac-64@openssh.com', 'umac-128@openssh.com', 'hmac-sha2-256', 'hmac-sha2-512', 'hmac-sha1'] client compress:['none', 'zlib@openssh.com'] server compress:['none', 'zlib@openssh.com'] client lang:[''] server lang:[''] kex follows?False
DEB [20200402-16:59:23.608] thr=1   paramiko.transport: Kex agreed: curve25519-sha256@libssh.org
DEB [20200402-16:59:23.608] thr=1   paramiko.transport: HostKey agreed: ssh-ed25519
DEB [20200402-16:59:23.608] thr=1   paramiko.transport: Cipher agreed: aes128-ctr
DEB [20200402-16:59:23.608] thr=1   paramiko.transport: MAC agreed: hmac-sha2-256
DEB [20200402-16:59:23.609] thr=1   paramiko.transport: Compression agreed: none
DEB [20200402-16:59:23.621] thr=1   paramiko.transport: kex engine KexCurve25519 specified hash_algo <built-in function openssl_sha256>
DEB [20200402-16:59:23.622] thr=1   paramiko.transport: Switch to new keys ...
DEB [20200402-16:59:23.659] thr=1   paramiko.transport: userauth is OK
INF [20200402-16:59:23.702] thr=1   paramiko.transport: Authentication (password) successful!
DEB [20200402-16:59:23.719] thr=2   paramiko.transport: [chan 0] Max packet in: 32768 bytes
DEB [20200402-16:59:23.724] thr=1   paramiko.transport: Received global request "hostkeys-00@openssh.com"
DEB [20200402-16:59:23.724] thr=1   paramiko.transport: Rejecting "hostkeys-00@openssh.com" global request from server.
DEB [20200402-16:59:23.765] thr=1   paramiko.transport: [chan 0] Max packet out: 32768 bytes
DEB [20200402-16:59:23.766] thr=1   paramiko.transport: Secsh channel 0 opened.
DEB [20200402-16:59:23.774] thr=1   paramiko.transport: [chan 0] Sesch channel 0 request ok
INF [20200402-16:59:24.115] thr=2   paramiko.transport.sftp: [chan 0] Opened sftp connection (server version 3)
DEB [20200402-16:59:56.586] thr=2   paramiko.transport: [chan 1] Max packet in: 32768 bytes
DEB [20200402-16:59:56.587] thr=1   paramiko.transport: [chan 1] Max packet out: 32768 bytes
DEB [20200402-16:59:56.587] thr=1   paramiko.transport: Secsh channel 1 opened.
DEB [20200402-16:59:56.589] thr=1   paramiko.transport: [chan 1] Sesch channel 1 request ok
DEB [20200402-16:59:56.594] thr=2   paramiko.transport: [chan 1] EOF sent (1)
DEB [20200402-16:59:56.871] thr=1   paramiko.transport: [chan 1] EOF received (1)
DEB [20200402-17:00:10.892] thr=2   paramiko.transport: [chan 2] Max packet in: 32768 bytes
DEB [20200402-17:00:10.893] thr=1   paramiko.transport: [chan 2] Max packet out: 32768 bytes
DEB [20200402-17:00:10.893] thr=1   paramiko.transport: Secsh channel 2 opened.
DEB [20200402-17:00:10.896] thr=1   paramiko.transport: [chan 2] Sesch channel 2 request ok
INF [20200402-17:00:11.123] thr=2   paramiko.transport.sftp: [chan 2] Opened sftp connection (server version 3)
DEB [20200402-17:00:44.035] thr=2   paramiko.transport: [chan 3] Max packet in: 32768 bytes
DEB [20200402-17:00:44.036] thr=1   paramiko.transport: [chan 3] Max packet out: 32768 bytes
DEB [20200402-17:00:44.036] thr=1   paramiko.transport: Secsh channel 3 opened.
DEB [20200402-17:00:44.040] thr=1   paramiko.transport: [chan 3] Sesch channel 3 request ok
DEB [20200402-17:00:44.041] thr=1   paramiko.transport: [chan 0] EOF sent (0)
DEB [20200402-17:00:44.041] thr=2   paramiko.transport: [chan 3] EOF sent (3)
DEB [20200402-17:00:44.042] thr=1   paramiko.transport: [chan 3] EOF received (3)
DEB [20200402-17:00:44.043] thr=1   paramiko.transport: Ignoring message for dead channel 0
DEB [20200402-17:00:44.043] thr=1   paramiko.transport: Ignoring message for dead channel 0
DEB [20200402-17:00:44.044] thr=1   paramiko.transport: Ignoring message for dead channel 0
DEB [20200402-17:00:50.172] thr=2   paramiko.transport: [chan 4] Max packet in: 32768 bytes
DEB [20200402-17:00:50.173] thr=1   paramiko.transport: [chan 4] Max packet out: 32768 bytes
DEB [20200402-17:00:50.173] thr=1   paramiko.transport: Secsh channel 4 opened.
DEB [20200402-17:00:50.175] thr=1   paramiko.transport: [chan 4] Sesch channel 4 request ok
DEB [20200402-17:00:50.180] thr=2   paramiko.transport: [chan 4] EOF sent (4)
DEB [20200402-17:00:50.377] thr=1   paramiko.transport: [chan 4] EOF received (4)
DEB [20200402-17:01:20.782] thr=2   paramiko.transport: [chan 5] Max packet in: 32768 bytes
DEB [20200402-17:01:20.783] thr=1   paramiko.transport: [chan 5] Max packet out: 32768 bytes
DEB [20200402-17:01:20.783] thr=1   paramiko.transport: Secsh channel 5 opened.
DEB [20200402-17:01:20.789] thr=1   paramiko.transport: [chan 5] Sesch channel 5 request ok
DEB [20200402-17:01:20.790] thr=2   paramiko.transport: [chan 5] EOF sent (5)
DEB [20200402-17:01:21.024] thr=1   paramiko.transport: [chan 5] EOF received (5)
DEB [20200402-17:01:22.718] thr=1   paramiko.transport: EOF in transport thread
DEB [20200402-17:01:22.728] thr=2   paramiko.transport: [chan 2] EOF sent (2)
DEB [20200402-17:49:23.475] thr=1   paramiko.transport: starting thread (client mode): 0xe0a41a60
DEB [20200402-17:49:23.476] thr=1   paramiko.transport: Local version/idstring: SSH-2.0-paramiko_2.7.1
DEB [20200402-17:49:23.484] thr=1   paramiko.transport: Remote version/idstring: SSH-2.0-OpenSSH_7.4
INF [20200402-17:49:23.484] thr=1   paramiko.transport: Connected (version 2.0, client OpenSSH_7.4)
DEB [20200402-17:49:23.487] thr=1   paramiko.transport: kex algos:['curve25519-sha256', 'curve25519-sha256@libssh.org', 'ecdh-sha2-nistp256', 'ecdh-sha2-nistp384', 'ecdh-sha2-nistp521', 'diffie-hellman-group-exchange-sha256', 'diffie-hellman-group16-sha512', 'diffie-hellman-group18-sha512', 'diffie-hellman-group-exchange-sha1', 'diffie-hellman-group14-sha256', 'diffie-hellman-group14-sha1', 'diffie-hellman-group1-sha1'] server key:['ssh-rsa', 'rsa-sha2-512', 'rsa-sha2-256', 'ecdsa-sha2-nistp256', 'ssh-ed25519'] client encrypt:['chacha20-poly1305@openssh.com', 'aes128-ctr', 'aes192-ctr', 'aes256-ctr', 'aes128-gcm@openssh.com', 'aes256-gcm@openssh.com', 'aes128-cbc', 'aes192-cbc', 'aes256-cbc', 'blowfish-cbc', 'cast128-cbc', '3des-cbc'] server encrypt:['chacha20-poly1305@openssh.com', 'aes128-ctr', 'aes192-ctr', 'aes256-ctr', 'aes128-gcm@openssh.com', 'aes256-gcm@openssh.com', 'aes128-cbc', 'aes192-cbc', 'aes256-cbc', 'blowfish-cbc', 'cast128-cbc', '3des-cbc'] client mac:['umac-64-etm@openssh.com', 'umac-128-etm@openssh.com', 'hmac-sha2-256-etm@openssh.com', 'hmac-sha2-512-etm@openssh.com', 'hmac-sha1-etm@openssh.com', 'umac-64@openssh.com', 'umac-128@openssh.com', 'hmac-sha2-256', 'hmac-sha2-512', 'hmac-sha1'] server mac:['umac-64-etm@openssh.com', 'umac-128-etm@openssh.com', 'hmac-sha2-256-etm@openssh.com', 'hmac-sha2-512-etm@openssh.com', 'hmac-sha1-etm@openssh.com', 'umac-64@openssh.com', 'umac-128@openssh.com', 'hmac-sha2-256', 'hmac-sha2-512', 'hmac-sha1'] client compress:['none', 'zlib@openssh.com'] server compress:['none', 'zlib@openssh.com'] client lang:[''] server lang:[''] kex follows?False
DEB [20200402-17:49:23.487] thr=1   paramiko.transport: Kex agreed: curve25519-sha256@libssh.org
DEB [20200402-17:49:23.487] thr=1   paramiko.transport: HostKey agreed: ssh-ed25519
DEB [20200402-17:49:23.487] thr=1   paramiko.transport: Cipher agreed: aes128-ctr
DEB [20200402-17:49:23.488] thr=1   paramiko.transport: MAC agreed: hmac-sha2-256
DEB [20200402-17:49:23.488] thr=1   paramiko.transport: Compression agreed: none
DEB [20200402-17:49:23.497] thr=1   paramiko.transport: kex engine KexCurve25519 specified hash_algo <built-in function openssl_sha256>
DEB [20200402-17:49:23.497] thr=1   paramiko.transport: Switch to new keys ...
DEB [20200402-17:49:23.537] thr=1   paramiko.transport: userauth is OK
INF [20200402-17:49:23.580] thr=1   paramiko.transport: Authentication (password) successful!
DEB [20200402-17:49:23.628] thr=1   paramiko.transport: Received global request "hostkeys-00@openssh.com"
DEB [20200402-17:49:23.628] thr=1   paramiko.transport: Rejecting "hostkeys-00@openssh.com" global request from server.
DEB [20200402-17:49:27.279] thr=2   paramiko.transport: [chan 0] Max packet in: 32768 bytes
DEB [20200402-17:49:27.280] thr=1   paramiko.transport: [chan 0] Max packet out: 32768 bytes
DEB [20200402-17:49:27.280] thr=1   paramiko.transport: Secsh channel 0 opened.
DEB [20200402-17:49:27.282] thr=1   paramiko.transport: [chan 0] Sesch channel 0 request ok
DEB [20200402-17:49:27.294] thr=2   paramiko.transport: [chan 0] EOF sent (0)
DEB [20200402-17:49:27.503] thr=1   paramiko.transport: [chan 0] EOF received (0)
DEB [20200402-17:49:46.837] thr=1   paramiko.transport: EOF in transport thread
DEB [20200402-17:56:41.320] thr=1   paramiko.transport: starting thread (client mode): 0x42c57af0
DEB [20200402-17:56:41.321] thr=1   paramiko.transport: Local version/idstring: SSH-2.0-paramiko_2.7.1
DEB [20200402-17:56:41.329] thr=1   paramiko.transport: Remote version/idstring: SSH-2.0-OpenSSH_7.4
INF [20200402-17:56:41.329] thr=1   paramiko.transport: Connected (version 2.0, client OpenSSH_7.4)
DEB [20200402-17:56:41.330] thr=1   paramiko.transport: kex algos:['curve25519-sha256', 'curve25519-sha256@libssh.org', 'ecdh-sha2-nistp256', 'ecdh-sha2-nistp384', 'ecdh-sha2-nistp521', 'diffie-hellman-group-exchange-sha256', 'diffie-hellman-group16-sha512', 'diffie-hellman-group18-sha512', 'diffie-hellman-group-exchange-sha1', 'diffie-hellman-group14-sha256', 'diffie-hellman-group14-sha1', 'diffie-hellman-group1-sha1'] server key:['ssh-rsa', 'rsa-sha2-512', 'rsa-sha2-256', 'ecdsa-sha2-nistp256', 'ssh-ed25519'] client encrypt:['chacha20-poly1305@openssh.com', 'aes128-ctr', 'aes192-ctr', 'aes256-ctr', 'aes128-gcm@openssh.com', 'aes256-gcm@openssh.com', 'aes128-cbc', 'aes192-cbc', 'aes256-cbc', 'blowfish-cbc', 'cast128-cbc', '3des-cbc'] server encrypt:['chacha20-poly1305@openssh.com', 'aes128-ctr', 'aes192-ctr', 'aes256-ctr', 'aes128-gcm@openssh.com', 'aes256-gcm@openssh.com', 'aes128-cbc', 'aes192-cbc', 'aes256-cbc', 'blowfish-cbc', 'cast128-cbc', '3des-cbc'] client mac:['umac-64-etm@openssh.com', 'umac-128-etm@openssh.com', 'hmac-sha2-256-etm@openssh.com', 'hmac-sha2-512-etm@openssh.com', 'hmac-sha1-etm@openssh.com', 'umac-64@openssh.com', 'umac-128@openssh.com', 'hmac-sha2-256', 'hmac-sha2-512', 'hmac-sha1'] server mac:['umac-64-etm@openssh.com', 'umac-128-etm@openssh.com', 'hmac-sha2-256-etm@openssh.com', 'hmac-sha2-512-etm@openssh.com', 'hmac-sha1-etm@openssh.com', 'umac-64@openssh.com', 'umac-128@openssh.com', 'hmac-sha2-256', 'hmac-sha2-512', 'hmac-sha1'] client compress:['none', 'zlib@openssh.com'] server compress:['none', 'zlib@openssh.com'] client lang:[''] server lang:[''] kex follows?False
DEB [20200402-17:56:41.331] thr=1   paramiko.transport: Kex agreed: curve25519-sha256@libssh.org
DEB [20200402-17:56:41.331] thr=1   paramiko.transport: HostKey agreed: ssh-ed25519
DEB [20200402-17:56:41.331] thr=1   paramiko.transport: Cipher agreed: aes128-ctr
DEB [20200402-17:56:41.331] thr=1   paramiko.transport: MAC agreed: hmac-sha2-256
DEB [20200402-17:56:41.331] thr=1   paramiko.transport: Compression agreed: none
DEB [20200402-17:56:41.340] thr=1   paramiko.transport: kex engine KexCurve25519 specified hash_algo <built-in function openssl_sha256>
DEB [20200402-17:56:41.340] thr=1   paramiko.transport: Switch to new keys ...
DEB [20200402-17:56:41.377] thr=1   paramiko.transport: userauth is OK
INF [20200402-17:56:41.413] thr=1   paramiko.transport: Authentication (password) successful!
DEB [20200402-17:56:41.454] thr=1   paramiko.transport: Received global request "hostkeys-00@openssh.com"
DEB [20200402-17:56:41.454] thr=1   paramiko.transport: Rejecting "hostkeys-00@openssh.com" global request from server.
DEB [20200402-17:56:57.225] thr=2   paramiko.transport: [chan 0] Max packet in: 32768 bytes
DEB [20200402-17:56:57.226] thr=1   paramiko.transport: [chan 0] Max packet out: 32768 bytes
DEB [20200402-17:56:57.227] thr=1   paramiko.transport: Secsh channel 0 opened.
DEB [20200402-17:56:57.229] thr=1   paramiko.transport: [chan 0] Sesch channel 0 request ok
DEB [20200402-17:56:57.229] thr=2   paramiko.transport: [chan 0] EOF sent (0)
DEB [20200402-17:56:57.463] thr=1   paramiko.transport: [chan 0] EOF received (0)
DEB [20200402-17:57:15.722] thr=2   paramiko.transport: [chan 1] Max packet in: 32768 bytes
DEB [20200402-17:57:15.723] thr=1   paramiko.transport: [chan 1] Max packet out: 32768 bytes
DEB [20200402-17:57:15.723] thr=1   paramiko.transport: Secsh channel 1 opened.
DEB [20200402-17:57:15.725] thr=1   paramiko.transport: [chan 1] Sesch channel 1 request ok
INF [20200402-17:57:15.937] thr=2   paramiko.transport.sftp: [chan 1] Opened sftp connection (server version 3)
DEB [20200402-17:57:15.938] thr=2   paramiko.transport.sftp: [chan 1] open(b'test-u1.txt', 'wb')
DEB [20200402-17:57:15.939] thr=2   paramiko.transport.sftp: [chan 1] open(b'test-u1.txt', 'wb') -> 00000000
DEB [20200402-17:57:15.940] thr=2   paramiko.transport.sftp: [chan 1] close(00000000)
DEB [20200402-17:57:15.941] thr=2   paramiko.transport.sftp: [chan 1] stat(b'test-u1.txt')
INF [20200402-17:57:15.942] thr=2   paramiko.transport.sftp: [chan 1] sftp session closed.
DEB [20200402-17:57:15.942] thr=2   paramiko.transport: [chan 1] EOF sent (1)
DEB [20200402-17:57:15.944] thr=1   paramiko.transport: [chan 1] EOF received (1)
DEB [20200402-17:57:20.169] thr=2   paramiko.transport: [chan 2] Max packet in: 32768 bytes
DEB [20200402-17:57:20.170] thr=1   paramiko.transport: [chan 2] Max packet out: 32768 bytes
DEB [20200402-17:57:20.170] thr=1   paramiko.transport: Secsh channel 2 opened.
DEB [20200402-17:57:20.175] thr=1   paramiko.transport: [chan 2] Sesch channel 2 request ok
DEB [20200402-17:57:20.176] thr=2   paramiko.transport: [chan 2] EOF sent (2)
DEB [20200402-17:57:20.377] thr=1   paramiko.transport: [chan 2] EOF received (2)
DEB [20200402-17:57:33.828] thr=2   paramiko.transport: [chan 3] Max packet in: 32768 bytes
DEB [20200402-17:57:33.831] thr=1   paramiko.transport: [chan 3] Max packet out: 32768 bytes
DEB [20200402-17:57:33.831] thr=1   paramiko.transport: Secsh channel 3 opened.
DEB [20200402-17:57:33.838] thr=1   paramiko.transport: [chan 3] Sesch channel 3 request ok
DEB [20200402-17:57:33.838] thr=2   paramiko.transport: [chan 3] EOF sent (3)
DEB [20200402-17:57:34.033] thr=1   paramiko.transport: [chan 3] EOF received (3)
DEB [20200402-18:05:44.319] thr=1   paramiko.transport: EOF in transport thread
