MainProcess: starting thread (client mode): 0xf63f1a30
MainProcess: Local version/idstring: SSH-2.0-paramiko_2.7.1
MainProcess: Remote version/idstring: SSH-2.0-OpenSSH_7.4
MainProcess: Connected (version 2.0, client OpenSSH_7.4)
MainProcess: kex algos:['curve25519-sha256', 'curve25519-sha256@libssh.org', 'ecdh-sha2-nistp256', 'ecdh-sha2-nistp384', 'ecdh-sha2-nistp521', 'diffie-hellman-group-exchange-sha256', 'diffie-hellman-group16-sha512', 'diffie-hellman-group18-sha512', 'diffie-hellman-group-exchange-sha1', 'diffie-hellman-group14-sha256', 'diffie-hellman-group14-sha1', 'diffie-hellman-group1-sha1'] server key:['ssh-rsa', 'rsa-sha2-512', 'rsa-sha2-256', 'ecdsa-sha2-nistp256', 'ssh-ed25519'] client encrypt:['chacha20-poly1305@openssh.com', 'aes128-ctr', 'aes192-ctr', 'aes256-ctr', 'aes128-gcm@openssh.com', 'aes256-gcm@openssh.com', 'aes128-cbc', 'aes192-cbc', 'aes256-cbc', 'blowfish-cbc', 'cast128-cbc', '3des-cbc'] server encrypt:['chacha20-poly1305@openssh.com', 'aes128-ctr', 'aes192-ctr', 'aes256-ctr', 'aes128-gcm@openssh.com', 'aes256-gcm@openssh.com', 'aes128-cbc', 'aes192-cbc', 'aes256-cbc', 'blowfish-cbc', 'cast128-cbc', '3des-cbc'] client mac:['umac-64-etm@openssh.com', 'umac-128-etm@openssh.com', 'hmac-sha2-256-etm@openssh.com', 'hmac-sha2-512-etm@openssh.com', 'hmac-sha1-etm@openssh.com', 'umac-64@openssh.com', 'umac-128@openssh.com', 'hmac-sha2-256', 'hmac-sha2-512', 'hmac-sha1'] server mac:['umac-64-etm@openssh.com', 'umac-128-etm@openssh.com', 'hmac-sha2-256-etm@openssh.com', 'hmac-sha2-512-etm@openssh.com', 'hmac-sha1-etm@openssh.com', 'umac-64@openssh.com', 'umac-128@openssh.com', 'hmac-sha2-256', 'hmac-sha2-512', 'hmac-sha1'] client compress:['none', 'zlib@openssh.com'] server compress:['none', 'zlib@openssh.com'] client lang:[''] server lang:[''] kex follows?False
MainProcess: Kex agreed: curve25519-sha256@libssh.org
MainProcess: HostKey agreed: ssh-ed25519
MainProcess: Cipher agreed: aes128-ctr
MainProcess: MAC agreed: hmac-sha2-256
MainProcess: Compression agreed: none
MainProcess: kex engine KexCurve25519 specified hash_algo <built-in function openssl_sha256>
MainProcess: Switch to new keys ...
MainProcess: userauth is OK
MainProcess: Authentication (password) successful!
MainProcess: starting thread (client mode): 0xdf956ac0
MainProcess: Local version/idstring: SSH-2.0-paramiko_2.7.1
MainProcess: Remote version/idstring: SSH-2.0-OpenSSH_7.4
MainProcess: Connected (version 2.0, client OpenSSH_7.4)
MainProcess: kex algos:['curve25519-sha256', 'curve25519-sha256@libssh.org', 'ecdh-sha2-nistp256', 'ecdh-sha2-nistp384', 'ecdh-sha2-nistp521', 'diffie-hellman-group-exchange-sha256', 'diffie-hellman-group16-sha512', 'diffie-hellman-group18-sha512', 'diffie-hellman-group-exchange-sha1', 'diffie-hellman-group14-sha256', 'diffie-hellman-group14-sha1', 'diffie-hellman-group1-sha1'] server key:['ssh-rsa', 'rsa-sha2-512', 'rsa-sha2-256', 'ecdsa-sha2-nistp256', 'ssh-ed25519'] client encrypt:['chacha20-poly1305@openssh.com', 'aes128-ctr', 'aes192-ctr', 'aes256-ctr', 'aes128-gcm@openssh.com', 'aes256-gcm@openssh.com', 'aes128-cbc', 'aes192-cbc', 'aes256-cbc', 'blowfish-cbc', 'cast128-cbc', '3des-cbc'] server encrypt:['chacha20-poly1305@openssh.com', 'aes128-ctr', 'aes192-ctr', 'aes256-ctr', 'aes128-gcm@openssh.com', 'aes256-gcm@openssh.com', 'aes128-cbc', 'aes192-cbc', 'aes256-cbc', 'blowfish-cbc', 'cast128-cbc', '3des-cbc'] client mac:['umac-64-etm@openssh.com', 'umac-128-etm@openssh.com', 'hmac-sha2-256-etm@openssh.com', 'hmac-sha2-512-etm@openssh.com', 'hmac-sha1-etm@openssh.com', 'umac-64@openssh.com', 'umac-128@openssh.com', 'hmac-sha2-256', 'hmac-sha2-512', 'hmac-sha1'] server mac:['umac-64-etm@openssh.com', 'umac-128-etm@openssh.com', 'hmac-sha2-256-etm@openssh.com', 'hmac-sha2-512-etm@openssh.com', 'hmac-sha1-etm@openssh.com', 'umac-64@openssh.com', 'umac-128@openssh.com', 'hmac-sha2-256', 'hmac-sha2-512', 'hmac-sha1'] client compress:['none', 'zlib@openssh.com'] server compress:['none', 'zlib@openssh.com'] client lang:[''] server lang:[''] kex follows?False
MainProcess: Kex agreed: curve25519-sha256@libssh.org
MainProcess: HostKey agreed: ssh-ed25519
MainProcess: Cipher agreed: aes128-ctr
MainProcess: MAC agreed: hmac-sha2-256
MainProcess: Compression agreed: none
MainProcess: kex engine KexCurve25519 specified hash_algo <built-in function openssl_sha256>
MainProcess: Switch to new keys ...
MainProcess: userauth is OK
MainProcess: Authentication (password) successful!
MainProcess: [chan 0] Max packet in: 32768 bytes
MainProcess: Received global request "hostkeys-00@openssh.com"
MainProcess: Rejecting "hostkeys-00@openssh.com" global request from server.
MainProcess: [chan 0] Max packet out: 32768 bytes
MainProcess: Secsh channel 0 opened.
MainProcess: [chan 0] Sesch channel 0 request ok
MainProcess: [chan 0] Opened sftp connection (server version 3)
MainProcess: [chan 1] Max packet in: 32768 bytes
MainProcess: [chan 1] Max packet out: 32768 bytes
MainProcess: Secsh channel 1 opened.
MainProcess: [chan 1] Sesch channel 1 request ok
MainProcess: [chan 1] EOF sent (1)
MainProcess: [chan 1] EOF received (1)
MainProcess: [chan 2] Max packet in: 32768 bytes
MainProcess: [chan 2] Max packet out: 32768 bytes
MainProcess: Secsh channel 2 opened.
MainProcess: [chan 2] Sesch channel 2 request ok
MainProcess: [chan 2] Opened sftp connection (server version 3)
MainProcess: [chan 3] Max packet in: 32768 bytes
MainProcess: [chan 3] Max packet out: 32768 bytes
MainProcess: Secsh channel 3 opened.
MainProcess: [chan 3] Sesch channel 3 request ok
MainProcess: [chan 0] EOF sent (0)
MainProcess: [chan 3] EOF sent (3)
MainProcess: [chan 3] EOF received (3)
MainProcess: Ignoring message for dead channel 0
MainProcess: Ignoring message for dead channel 0
MainProcess: Ignoring message for dead channel 0
MainProcess: [chan 4] Max packet in: 32768 bytes
MainProcess: [chan 4] Max packet out: 32768 bytes
MainProcess: Secsh channel 4 opened.
MainProcess: [chan 4] Sesch channel 4 request ok
MainProcess: [chan 4] EOF sent (4)
MainProcess: [chan 4] EOF received (4)
MainProcess: [chan 5] Max packet in: 32768 bytes
MainProcess: [chan 5] Max packet out: 32768 bytes
MainProcess: Secsh channel 5 opened.
MainProcess: [chan 5] Sesch channel 5 request ok
MainProcess: [chan 5] EOF sent (5)
MainProcess: [chan 5] EOF received (5)
2020-04-02 17:49:23,475 - paramiko.transport - DEBUG - starting thread (client mode): 0xe0a41a60
2020-04-02 17:49:23,476 - paramiko.transport - DEBUG - Local version/idstring: SSH-2.0-paramiko_2.7.1
2020-04-02 17:49:23,484 - paramiko.transport - DEBUG - Remote version/idstring: SSH-2.0-OpenSSH_7.4
2020-04-02 17:49:23,484 - paramiko.transport - INFO - Connected (version 2.0, client OpenSSH_7.4)
2020-04-02 17:49:23,487 - paramiko.transport - DEBUG - kex algos:['curve25519-sha256', 'curve25519-sha256@libssh.org', 'ecdh-sha2-nistp256', 'ecdh-sha2-nistp384', 'ecdh-sha2-nistp521', 'diffie-hellman-group-exchange-sha256', 'diffie-hellman-group16-sha512', 'diffie-hellman-group18-sha512', 'diffie-hellman-group-exchange-sha1', 'diffie-hellman-group14-sha256', 'diffie-hellman-group14-sha1', 'diffie-hellman-group1-sha1'] server key:['ssh-rsa', 'rsa-sha2-512', 'rsa-sha2-256', 'ecdsa-sha2-nistp256', 'ssh-ed25519'] client encrypt:['chacha20-poly1305@openssh.com', 'aes128-ctr', 'aes192-ctr', 'aes256-ctr', 'aes128-gcm@openssh.com', 'aes256-gcm@openssh.com', 'aes128-cbc', 'aes192-cbc', 'aes256-cbc', 'blowfish-cbc', 'cast128-cbc', '3des-cbc'] server encrypt:['chacha20-poly1305@openssh.com', 'aes128-ctr', 'aes192-ctr', 'aes256-ctr', 'aes128-gcm@openssh.com', 'aes256-gcm@openssh.com', 'aes128-cbc', 'aes192-cbc', 'aes256-cbc', 'blowfish-cbc', 'cast128-cbc', '3des-cbc'] client mac:['umac-64-etm@openssh.com', 'umac-128-etm@openssh.com', 'hmac-sha2-256-etm@openssh.com', 'hmac-sha2-512-etm@openssh.com', 'hmac-sha1-etm@openssh.com', 'umac-64@openssh.com', 'umac-128@openssh.com', 'hmac-sha2-256', 'hmac-sha2-512', 'hmac-sha1'] server mac:['umac-64-etm@openssh.com', 'umac-128-etm@openssh.com', 'hmac-sha2-256-etm@openssh.com', 'hmac-sha2-512-etm@openssh.com', 'hmac-sha1-etm@openssh.com', 'umac-64@openssh.com', 'umac-128@openssh.com', 'hmac-sha2-256', 'hmac-sha2-512', 'hmac-sha1'] client compress:['none', 'zlib@openssh.com'] server compress:['none', 'zlib@openssh.com'] client lang:[''] server lang:[''] kex follows?False
2020-04-02 17:49:23,487 - paramiko.transport - DEBUG - Kex agreed: curve25519-sha256@libssh.org
2020-04-02 17:49:23,487 - paramiko.transport - DEBUG - HostKey agreed: ssh-ed25519
2020-04-02 17:49:23,487 - paramiko.transport - DEBUG - Cipher agreed: aes128-ctr
2020-04-02 17:49:23,488 - paramiko.transport - DEBUG - MAC agreed: hmac-sha2-256
2020-04-02 17:49:23,488 - paramiko.transport - DEBUG - Compression agreed: none
2020-04-02 17:49:23,497 - paramiko.transport - DEBUG - kex engine KexCurve25519 specified hash_algo <built-in function openssl_sha256>
2020-04-02 17:49:23,497 - paramiko.transport - DEBUG - Switch to new keys ...
2020-04-02 17:49:23,537 - paramiko.transport - DEBUG - userauth is OK
2020-04-02 17:49:23,580 - paramiko.transport - INFO - Authentication (password) successful!
2020-04-02 17:49:23,581 - root - INFO - 用户rootSSH登录192.168.235.132成功，
2020-04-02 17:49:23,628 - paramiko.transport - DEBUG - Received global request "hostkeys-00@openssh.com"
2020-04-02 17:49:23,628 - paramiko.transport - DEBUG - Rejecting "hostkeys-00@openssh.com" global request from server.
2020-04-02 17:49:27,279 - paramiko.transport - DEBUG - [chan 0] Max packet in: 32768 bytes
2020-04-02 17:49:27,280 - paramiko.transport - DEBUG - [chan 0] Max packet out: 32768 bytes
2020-04-02 17:49:27,280 - paramiko.transport - DEBUG - Secsh channel 0 opened.
2020-04-02 17:49:27,282 - paramiko.transport - DEBUG - [chan 0] Sesch channel 0 request ok
2020-04-02 17:49:27,282 - root - DEBUG - 发送命令到远端执行成功，并返回结果
2020-04-02 17:49:27,294 - paramiko.transport - DEBUG - [chan 0] EOF sent (0)
2020-04-02 17:49:27,503 - paramiko.transport - DEBUG - [chan 0] EOF received (0)
2020-04-02 17:49:46,838 - root - DEBUG - client已关闭
2020-04-02 17:49:46,837 - paramiko.transport - DEBUG - EOF in transport thread
2020-04-02 17:56:41,320 - paramiko.transport - DEBUG - starting thread (client mode): 0x42c57af0
2020-04-02 17:56:41,321 - paramiko.transport - DEBUG - Local version/idstring: SSH-2.0-paramiko_2.7.1
2020-04-02 17:56:41,329 - paramiko.transport - DEBUG - Remote version/idstring: SSH-2.0-OpenSSH_7.4
2020-04-02 17:56:41,329 - paramiko.transport - INFO - Connected (version 2.0, client OpenSSH_7.4)
2020-04-02 17:56:41,330 - paramiko.transport - DEBUG - kex algos:['curve25519-sha256', 'curve25519-sha256@libssh.org', 'ecdh-sha2-nistp256', 'ecdh-sha2-nistp384', 'ecdh-sha2-nistp521', 'diffie-hellman-group-exchange-sha256', 'diffie-hellman-group16-sha512', 'diffie-hellman-group18-sha512', 'diffie-hellman-group-exchange-sha1', 'diffie-hellman-group14-sha256', 'diffie-hellman-group14-sha1', 'diffie-hellman-group1-sha1'] server key:['ssh-rsa', 'rsa-sha2-512', 'rsa-sha2-256', 'ecdsa-sha2-nistp256', 'ssh-ed25519'] client encrypt:['chacha20-poly1305@openssh.com', 'aes128-ctr', 'aes192-ctr', 'aes256-ctr', 'aes128-gcm@openssh.com', 'aes256-gcm@openssh.com', 'aes128-cbc', 'aes192-cbc', 'aes256-cbc', 'blowfish-cbc', 'cast128-cbc', '3des-cbc'] server encrypt:['chacha20-poly1305@openssh.com', 'aes128-ctr', 'aes192-ctr', 'aes256-ctr', 'aes128-gcm@openssh.com', 'aes256-gcm@openssh.com', 'aes128-cbc', 'aes192-cbc', 'aes256-cbc', 'blowfish-cbc', 'cast128-cbc', '3des-cbc'] client mac:['umac-64-etm@openssh.com', 'umac-128-etm@openssh.com', 'hmac-sha2-256-etm@openssh.com', 'hmac-sha2-512-etm@openssh.com', 'hmac-sha1-etm@openssh.com', 'umac-64@openssh.com', 'umac-128@openssh.com', 'hmac-sha2-256', 'hmac-sha2-512', 'hmac-sha1'] server mac:['umac-64-etm@openssh.com', 'umac-128-etm@openssh.com', 'hmac-sha2-256-etm@openssh.com', 'hmac-sha2-512-etm@openssh.com', 'hmac-sha1-etm@openssh.com', 'umac-64@openssh.com', 'umac-128@openssh.com', 'hmac-sha2-256', 'hmac-sha2-512', 'hmac-sha1'] client compress:['none', 'zlib@openssh.com'] server compress:['none', 'zlib@openssh.com'] client lang:[''] server lang:[''] kex follows?False
2020-04-02 17:56:41,331 - paramiko.transport - DEBUG - Kex agreed: curve25519-sha256@libssh.org
2020-04-02 17:56:41,331 - paramiko.transport - DEBUG - HostKey agreed: ssh-ed25519
2020-04-02 17:56:41,331 - paramiko.transport - DEBUG - Cipher agreed: aes128-ctr
2020-04-02 17:56:41,331 - paramiko.transport - DEBUG - MAC agreed: hmac-sha2-256
2020-04-02 17:56:41,331 - paramiko.transport - DEBUG - Compression agreed: none
2020-04-02 17:56:41,340 - paramiko.transport - DEBUG - kex engine KexCurve25519 specified hash_algo <built-in function openssl_sha256>
2020-04-02 17:56:41,340 - paramiko.transport - DEBUG - Switch to new keys ...
2020-04-02 17:56:41,377 - paramiko.transport - DEBUG - userauth is OK
2020-04-02 17:56:41,413 - paramiko.transport - INFO - Authentication (password) successful!
2020-04-02 17:56:41,413 - root - INFO - 用户rootSSH登录192.168.235.132成功，
2020-04-02 17:56:41,414 - root - INFO - 连接默认的主机
2020-04-02 17:56:41,454 - paramiko.transport - DEBUG - Received global request "hostkeys-00@openssh.com"
2020-04-02 17:56:41,454 - paramiko.transport - DEBUG - Rejecting "hostkeys-00@openssh.com" global request from server.
2020-04-02 17:56:57,225 - paramiko.transport - DEBUG - [chan 0] Max packet in: 32768 bytes
2020-04-02 17:56:57,226 - paramiko.transport - DEBUG - [chan 0] Max packet out: 32768 bytes
2020-04-02 17:56:57,227 - paramiko.transport - DEBUG - Secsh channel 0 opened.
2020-04-02 17:56:57,229 - paramiko.transport - DEBUG - [chan 0] Sesch channel 0 request ok
2020-04-02 17:56:57,229 - root - DEBUG - 发送命令到远端执行成功，并返回结果
2020-04-02 17:56:57,229 - paramiko.transport - DEBUG - [chan 0] EOF sent (0)
2020-04-02 17:56:57,463 - paramiko.transport - DEBUG - [chan 0] EOF received (0)
2020-04-02 17:57:15,722 - paramiko.transport - DEBUG - [chan 1] Max packet in: 32768 bytes
2020-04-02 17:57:15,723 - paramiko.transport - DEBUG - [chan 1] Max packet out: 32768 bytes
2020-04-02 17:57:15,723 - paramiko.transport - DEBUG - Secsh channel 1 opened.
2020-04-02 17:57:15,725 - paramiko.transport - DEBUG - [chan 1] Sesch channel 1 request ok
2020-04-02 17:57:15,937 - paramiko.transport.sftp - INFO - [chan 1] Opened sftp connection (server version 3)
2020-04-02 17:57:15,938 - paramiko.transport.sftp - DEBUG - [chan 1] open(b'test-u1.txt', 'wb')
2020-04-02 17:57:15,939 - paramiko.transport.sftp - DEBUG - [chan 1] open(b'test-u1.txt', 'wb') -> 00000000
2020-04-02 17:57:15,940 - paramiko.transport.sftp - DEBUG - [chan 1] close(00000000)
2020-04-02 17:57:15,941 - paramiko.transport.sftp - DEBUG - [chan 1] stat(b'test-u1.txt')
2020-04-02 17:57:15,942 - paramiko.transport.sftp - INFO - [chan 1] sftp session closed.
2020-04-02 17:57:15,942 - paramiko.transport - DEBUG - [chan 1] EOF sent (1)
2020-04-02 17:57:15,942 - root - INFO - 上传文件到远端成功
2020-04-02 17:57:15,944 - paramiko.transport - DEBUG - [chan 1] EOF received (1)
2020-04-02 17:57:20,169 - paramiko.transport - DEBUG - [chan 2] Max packet in: 32768 bytes
2020-04-02 17:57:20,170 - paramiko.transport - DEBUG - [chan 2] Max packet out: 32768 bytes
2020-04-02 17:57:20,170 - paramiko.transport - DEBUG - Secsh channel 2 opened.
2020-04-02 17:57:20,175 - paramiko.transport - DEBUG - [chan 2] Sesch channel 2 request ok
2020-04-02 17:57:20,176 - root - DEBUG - 发送命令到远端执行成功，并返回结果
2020-04-02 17:57:20,176 - paramiko.transport - DEBUG - [chan 2] EOF sent (2)
2020-04-02 17:57:20,377 - paramiko.transport - DEBUG - [chan 2] EOF received (2)
2020-04-02 17:57:33,828 - paramiko.transport - DEBUG - [chan 3] Max packet in: 32768 bytes
2020-04-02 17:57:33,831 - paramiko.transport - DEBUG - [chan 3] Max packet out: 32768 bytes
2020-04-02 17:57:33,831 - paramiko.transport - DEBUG - Secsh channel 3 opened.
2020-04-02 17:57:33,838 - paramiko.transport - DEBUG - [chan 3] Sesch channel 3 request ok
2020-04-02 17:57:33,838 - root - DEBUG - 发送命令到远端执行成功，并返回结果
2020-04-02 17:57:33,838 - paramiko.transport - DEBUG - [chan 3] EOF sent (3)
2020-04-02 17:57:34,033 - paramiko.transport - DEBUG - [chan 3] EOF received (3)
2020-04-02 18:05:44,319 - root - DEBUG - client已关闭
2020-04-02 18:05:44,319 - paramiko.transport - DEBUG - EOF in transport thread
