2019-11-04 16:34:50,675 51memoV0.38-fu.py [line:255] FUDAMAI_LOG WARNING 一名用户注册
2019-11-04 16:34:50,675 51memoV0.38-fu.py [line:215] FUDAMAI_LOG INFO 用户登录
2019-11-04 16:35:02,867 51memoV0.38-fu.py [line:229] FUDAMAI_LOG INFO 载入用户配置一次
2019-11-04 16:35:07,588 51memoV0.38-fu.py [line:229] FUDAMAI_LOG INFO 载入用户配置一次
2019-11-04 16:35:07,588 51memoV0.38-fu.py [line:147] FUDAMAI_LOG INFO 载入备忘数据一次
2019-11-04 16:35:09,690 51memoV0.38-fu.py [line:126] FUDAMAI_LOG INFO 查询备忘一次
2019-11-04 16:35:12,259 51memoV0.38-fu.py [line:229] FUDAMAI_LOG INFO 载入用户配置一次
2019-11-04 16:35:12,259 51memoV0.38-fu.py [line:147] FUDAMAI_LOG INFO 载入备忘数据一次
2019-11-04 16:35:43,387 51memoV0.38-fu.py [line:229] FUDAMAI_LOG INFO 载入用户配置一次
2019-11-04 16:35:43,387 51memoV0.38-fu.py [line:135] FUDAMAI_LOG INFO 备忘已保存
2019-11-04 16:35:43,388 51memoV0.38-fu.py [line:84] FUDAMAI_LOG INFO 保存一条备忘
2019-11-04 16:35:43,388 51memoV0.38-fu.py [line:277] FUDAMAI_LOG INFO 用户进行一次添加操作
2019-11-04 16:35:47,011 51memoV0.38-fu.py [line:229] FUDAMAI_LOG INFO 载入用户配置一次
2019-11-04 16:35:47,012 51memoV0.38-fu.py [line:147] FUDAMAI_LOG INFO 载入备忘数据一次
2019-11-04 16:35:51,836 51memoV0.38-fu.py [line:229] FUDAMAI_LOG INFO 载入用户配置一次
2019-11-04 16:35:51,837 51memoV0.38-fu.py [line:135] FUDAMAI_LOG INFO 备忘已保存
2019-11-04 16:35:51,837 51memoV0.38-fu.py [line:84] FUDAMAI_LOG INFO 保存一条备忘
2019-11-04 16:35:51,837 51memoV0.38-fu.py [line:277] FUDAMAI_LOG INFO 用户进行一次添加操作
2019-11-04 16:35:54,715 51memoV0.38-fu.py [line:229] FUDAMAI_LOG INFO 载入用户配置一次
2019-11-04 16:35:54,715 51memoV0.38-fu.py [line:147] FUDAMAI_LOG INFO 载入备忘数据一次
2019-11-04 16:36:05,826 51memoV0.38-fu.py [line:229] FUDAMAI_LOG INFO 载入用户配置一次
2019-11-04 16:36:05,826 51memoV0.38-fu.py [line:147] FUDAMAI_LOG INFO 载入备忘数据一次
2019-11-04 16:36:45,138 51memoV0.38-fu.py [line:229] FUDAMAI_LOG INFO 载入用户配置一次
2019-11-04 16:36:45,139 51memoV0.38-fu.py [line:147] FUDAMAI_LOG INFO 载入备忘数据一次
2019-11-04 16:36:45,149 51memoV0.38-fu.py [line:182] FUDAMAI_LOG INFO 将历史备忘输出为PDF
2019-11-04 16:36:45,157 51memoV0.38-fu.py [line:182] FUDAMAI_LOG INFO 将历史备忘输出为PDF
2019-11-04 16:44:13,274 51memoV0.38-fu.py [line:189] FUDAMAI_LOG INFO 离开备忘操作界面
2019-11-04 16:44:13,275 51memoV0.38-fu.py [line:215] FUDAMAI_LOG INFO 用户登录
